64000278
285369935
530460953
38832199
511257278
523031376
459310520
457292541
842635578
574984024
351491568
242548951
886291681
453699703
881109134
290247374
310470471
423151347
247412128
226816247
547200856
184244507
281941564
529443801
170009073
963682859
436411869
510837550
183007586
439405056
549361005
716275949
7403094
131160051
586459964
832447207
106088488
659268843
816004586
808448829
264427933
-1
267048166
595383918
215324417
204359530
157112297
498239883
887071815
867887117
883044022
7403094
526154126
718667606
334204614
311973453
531331707
650683173
993726723
-1
652469388
507516274
530460953
933008316
319704987
514507251
209771073
375405858
102993810
635285312
479409562
378974410
336016725
686643800
37621177
46526353
834279397
897553196
512703958
534457199
520772012
309184267
333721229
376926240
708542150
545615023
963003559
4136560
6565718
488471928
748177221
333957565
659268843
507187823
439405056
911734171
323701457
795294679
228292851
641332263
350477553
330371423
62471233
771729851
351607065
703332823
94019811
706629587
948889094
210279165
448389219
326566412
208521279
853268976
653372693
479409562
738709699
953318995
567098663
863923201
411809818
822831324
254357178
287984596
99420568
741008206
488404929
400991995
191344468
99855938
286797608
730945288
840043410
530460953
307444604
388409807
258894883
218179681
347958485
512703958
800242121
400991995
511864857
103715695
739346920
435119643
832621177
534614813
133504172
233355363
445215350
434024903
838280455
21292266
772056726
339637973
808448829
-1
947227052
359334141
411809818
425024976
94019811
386864649
-1
102993810
947227052
941482805
319204779
-1
450311279
-1
451149517
142379002
326566412
858806444
758686537
24854097
418113918
207751751
876441443
568022925
578858487
323780346
459310520
977192562
720917139
216035882
802896773
615013951
669601401
293967033
6184839
823945452
823945452
59150228
586459964
825691567
286797608
785049382
964889887
-1
842207977
639152618
878215285
917362814
566456465
636981071
566349128
355137886
876356522
424705850
543640187
454518481
964889887
-1
-1
435119643
-1
206898716
235644799
214685572
229771155
813142516
330371423
541171087
858069166
77337221
272640406
91812235
967855386
867224020
90487720
181696406
811121665
729429103
598755771
378974410
-1
-1
269812030
333957565
772065701
144174212
314281193
424876550
675439770
-1
209771073
842207977
599422703
181696406
916870306
185124588
535674725
-1
3938607
818881365
28812178
729031
386543162
97883908
-1
603910784
858069166
367997245
126905099
610020880
405143688
118495581
519012967
358212004
-1
655152240
404476998
-1
967855386
-1
506265492
702614906
781341778
330371423
405143688
-1
467752705
-1
785049382
585124063
883044022
351607065
942024369
477068753
821544323
479259918
474398991
495216915
547814343
360008645
635285312
465895309
63673263
766315094
534002261
507516274
-1
118495581
803607678
282775860
44602879
175220066
782697027
-1
948286141
314281193
157112297
998048970
757989776
527245019
282775860
264730319
299008032
527484079
323780346
291869780
-1
853268976
-1
319435152
-1
340036263
556796303
916870306
678556348
181696406
538884366
340796303
440652497
710360191
-1
90260660
522392531
834977148
324862584
554942656
-1
-1
108759164
-1
413755246
834977148
474226551
584783559
772065701
868345840
470668108
468281468
149704452
181696406
-1
-1
526154126
-1
933008316
475147730
115099065
759895050
639152618
789314767
547200856
323780346
270899911
-1
-1
834977148
162979245
27529497
548739817
943240962
758704626
-1
578858487
96951035
743007498
-1
674014685
601393737
440652497
590327422
408420849
-1
