3
25
249
479
770
1663
482
750
1371
1516
1011
143
1718
1348
1430
1674
1455
1156
1209
5
620
1225
1160
1389
1515
727
1155
1919
44
1600
80
963
1416
1444
1398
1214
578
112
794
453
303
1474
1911
602
719
1300
1727
447
1446
1678
1302
1571
1559
91
233
1689
810
1450
1056
1010
1736
1561
740
1182
858
1111
1944
1913
389
1462
809
1476
888
421
903
1163
491
385
926
348
1599
1786
1290
92
368
1945
932
2001
9
973
1023
1145
599
439
857
492
1887
694
882
752
630
1945
1919
1160
1566
303
1250
1765
27
420
53
1945
423
373
1386
272
2001
1702
1579
140
1450
800
1457
2000
906
439
1437
1760
907
2000
257
1209
619
1913
1450
773
710
932
582
1749
1702
666
1689
697
678
284
140
479
305
1437
947
770
483
1323
401
439
483
629
249
1849
1809
440
1113
1250
1290
1321
567
1532
91
907
1156
267
1974
840
752
264
713
389
567
303
1450
1579
729
1516
1160
962
257
1214
694
320
1234
1579
932
1225
1292
190
668
190
191
1702
143
1348
389
644
587
1516
2017
1255
1029
389
1286
1758
512
1450
377
1478
1499
1053
912
1269
934
198
2000
1965
1915
584
408
423
973
652
1702
264
1242
512
1368
1420
306
182
1156
1934
1529
2010
1113
373
1450
1005
1921
1341
1911
482
323
270
373
1133
1835
783
1100
3
1568
1518
1863
416
966
2000
121
252
373
1922
1702
777
1579
272
125
372
1127
1442
212
320
1911
633
1234
1462
1476
1255
1209
1450
207
582
1562
1100
1839
1643
1341
1160
1892
1121
412
377
74
1678
1572
191
1154
1160
2000
348
934
1323
1892
1599
1348
1678
1599
1765
512
1497
1240
1101
120
957
969
597
1928
416
1765
926
321
2007
1220
619
1286
692
25
917
210
1663
453
1812
2013
1269
1056
697
1055
1446
1637
1107
1982
2007
1179
233
510
421
510
1982
644
1786
1809
573
140
207
212
330
710
75
973
95
257
1475
1509
1904
408
1298
1209
581
1775
649
439
633
1953
20
1895
1050
152
1156
1515
1532
653
1775
439
1389
1004
694
1527
918
1475
182
1915
961
969
121
321
1113
1637
410
6
752
773
965
740
1709
1474
25
678
207
207
907
983
758
1115
413
729
267
965
1234
1446
1455
581
402
522
420
1749
1702
1348
320
1322
290
152
53
629
1804
710
1163
956
1786
1348
218
1663
483
1736
1497
1637
108
1775
252
1637
993
1965
1008
1029
1214
348
1286
582
973
1236
117
1101
1053
974
161
963
1687
950
810
1944
653
1647
1752
1952
2007
412
620
1236
491
1982
668
389
385
492
385
1056
210
578
3
1887
1757
1308
1014
182
501
1953
1474
993
1766
46
1341
764
973
888
1193
783
697
1898
1509
727
1736
1566
1107
373
120
983
1516
1812
602
1921
993
1713
1341
401
1137
1709
1749
27
385
25
1902
1004
401
402
1786
1371
1472
1321
666
729
935
1370
1915
174
182
324
1535
1472
1058
1962
1137
1234
1127
321
1611
1416
1600
249
290
788
5
969
439
2007
740
1934
1934
1476
974
1475
584
907
668
1478
419
1050
1206
932
1915
934
46
1678
1663
1678
1572
1689
1687
1802
1422
1475
92
353
1755
800
1476
112
1450
1450
651
1050
106
1579
261
810
1145
284
773
1835
108
1100
961
1225
1898
461
440
827
25
1452
597
1420
1538
1160
864
792
1812
1004
1702
235
797
918
453
1225
1056
207
1637
87
1193
727
1416
770
1766
1430
1478
1029
207
907
368
1765
368
1887
1225
1457
1713
713
1124
1023
1592
692
412
1775
629
1566
1225
1775
125
80
1137
1298
1689
1111
1812
1341
439
1157
1903
692
1214
420
678
1727
1308
681
710
180
25
233
1292
53
932
1420
567
1883
548
1903
837
888
1915
1462
1992
1940
1755
1472
87
587
3
194
132
112
1689
1808
1849
90
1765
1698
1561
1053
412
764
125
353
249
692
858
1053
53
974
932
419
348
303
564
1116
330
1535
961
1770
1663
587
25
1565
62
18
975
1566
649
188
25
152
773
320
2010
1157
1242
1499
218
408
1835
966
1682
330
1698
1532
966
190
1348
431
132
1462
1163
697
1209
1689
1707
719
75
46
1240
1406
1055
95
1760
1509
420
1516
692
651
431
1678
1579
1600
1637
840
1050
80
668
1698
2017
25
350
1044
1932
54
972
198
996
1133
1014
1745
1250
1156
619
25
582
106
71
1527
653
501
1056
732
965
750
1919
1049
1599
1940
1903
1154
809
1023
935
1687
1155
305
1145
809
668
912
1422
652
1242
1409
1300
983
1113
1709
235
961
1101
320
1240
1209
992
53
1716
1472
649
917
1529
1599
711
1945
1225
1437
548
1322
973
581
1442
1348
1409
1709
1561
190
809
261
950
974
1849
235
652
1156
389
1945
621
416
694
1765
1156
1895
1839
419
320
284
305
681
504
1911
353
1687
652
1182
1214
882
1056
1053
91
1235
350
385
963
1348
1663
1338
593
903
903
270
1308
548
1050
1757
2010
1269
705
1457
1921
1786
272
1353
1646
1250
758
917
619
2017
1599
1561
420
1911
1698
408
810
1161
934
969
800
1727
491
1348
575
1700
485
649
1835
925
53
1206
1953
1911
1887
1089
1321
1902
212
575
1928
1992
504
974
652
1206
934
453
1179
973
504
1766
89
1656
1160
1689
710
973
89
45
312
692
713
254
1687
512
543
1269
611
