15909219790055999
15073690938216145
11828509346618426
13331944461015819
11893871299005936
9857129903668331
9133571279007249
14056326781308517
9406098974317697
9356766937240094
10834052645398127
5142225708630001
15648355849867439
4719960918493087
1468781622044703
1481424500217246
11701225987727965
10449076880253933
2511159171497228
10790448313813184
1915794674817703
14246060364426620
10324373300008203
5498657352781612
7580152395981436
2034133963165470
12010670616918358
14797294165861222
9727840762424413
6257010964016629
9088020878355397
3451159523087017
15480236456314665
4084432154328350
14620643094520487
4664231830688668
5961682219453342
6297160168105500
4346384702115259
4262875179245830
6661765480782560
4740009428076926
13886860114842023
10850041708797263
328552699812990
10175541269237369
7080288477089235
8749846809610625
10619704255531423
4053368198924713
14991914869148551
7702428018454878
11935058346619000
12561197652300256
11863368688631869
3404193586624233
13836885289059701
1850548607682282
1539441705996179
13545028232231600
12895540892615595
13757521857195082
14612518687171351
397116088134391
15716083171861178
15052170033571304
5779277973953894
5360486865156313
6029239106010015
13599067500304772
11965441857014575
3582158371666567
15359075557785367
12395023882046396
7688295334523387
14923914569418430
1345841287843370
14166792167994734
1303522108764040
11467932310924190
6909853712677484
11907008388923792
7042986381597600
10510036148950446
13187185075289582
4649822306536347
13062277846449884
6682449429578443
6249166822595811
1640684037641022
12260060161614248
2783073875093016
2169022622300996
203294346421708
3509046432167940
11835547043245576
8867064409869204
12908358779728631
2861365784661822
1570377120407415
