12385400288787637
6358530430756629
6737527320223666
6260201920239740
4982215634581541
8581204716488473
5109625899683879
4325009483343413
4409625089130065
8564970384735704
9059251569241387
7890129764954680
4377098679371350
3971934598879738
13611019046992961
11035151237082368
12518457886053876
11117350620901529
12731628194784769
1532956296906902
14495658830141875
8907878726540330
6720776934598031
871147723246076
7922566680819230
10708155866429866
5368049637053654
5082036282373158
8631116260815826
737116919939823
11811169417430926
15617016989248793
2551379683652663
15887951006345919
8836415782681912
9312322680441454
9245467605628127
927320294941098
9062657696417012
13474502499416625
1859154055037654
1621543301060493
11548227691184776
9227363605706452
15138432330852970
6077429925836874
3712237926542148
7410305873397934
10491425566199187
4688628062790128
14547675599896576
12686270941765930
1048431932563453
3390078121278139
14113583270468497
9541002042754694
4010761713787143
3732081659907023
2729973108552637
3453682069086117
2208103966211854
2293391503874787
1798695150108498
1470648972742035
14387711164954708
14905495345096654
5079973537514596
9394192837597481
2358981918539258
13187255845033080
8920686761549661
14876904711451033
319567561029069
2557088246232056
1628570130868203
5433594319420692
14125264317846505
14279303722802797
8474771350818893
11904290553959623
9926836349196155
12281676807228298
4357943398687758
602922635228059
10333153465890373
5470000307347900
8550089887642884
12200201695258013
2943122421128150
4581317436871810
8259917276957508
14569044392088310
12256095630651659
5542903672085895
15603372463265147
11746537837261165
8623910565888323
4915236896858835
3174619598094473
3852262417248334
