8260285356131141
8260285587662716
7891816930815829
5762505187239806
1982562036844806
9960016253625656
5251297681841808
12240370012800522
8260645687662696
8391816919131141
1054651582316371
3759081191279708
8260527356131576
12207218514800522
15191651502289407
6743477320559223
8260285356062673
10714985210083106
8260285355662673
5251290831841808
8260285187662673
8191816887662673
8260285355662673
8259816887635826
774648216482308
7791816910815826
774631829635508
15289150744842910
8260285356131141
5251290834088655
8260016870815827
15144804672289407
12250371697486177
8260285356131141
6324185094435046
8260285356262673
8491816840815824
8260593356131141
8260285687662673
8191816887665826
9235938723996322
8260285356130673
8260285787662673
8091816887662673
8260616930815826
8260520040815826
8259816887662704
7891800043130973
9237385584227854
10715002056963110
8260285356131141
8260616887675826
15168119987336254
8260285356130673
8259916887662676
8507600042131141
7991816887662667
8260285356131573
6786662634260255
8152285356131141
8260285487615826
7791780038131141
8259940037985829
11921230808797090
8259970038131141
5623810834782243
8591816887693141
8260285356131141
8144970040815826
1155957529721428
13699435074891054
10715002056881254
7816285355662633
8604970039131573
12207218544332054
8364970040815973
15175051519136229
8260716887662673
7954970040815827
7991816906262673
8260285356131141
8259916919295826
13931960144996417
8260285356131141
5201766147157123
8260210040815826
15219751519136254
8260390040815823
8260216870815828
8260285356131141
7791860040820141
7991810045131141
8260285787662673
8260516887662673
8260285356131141
2266864707037608
8591810036662654
8191770038130976
8491854587682276
3196100125647018
