8748632382184998
14704392698600938
8865784268128361
8851135230445368
14025798817943032
14932126241995390
8846562814758607
8776699086125559
771121716835461
7406114900281790
6793599645200020
8808722553107420
2316278711380625
8864506746816346
8854623891706401
8825842344524318
4833008301799827
11963887769226333
3954485588193661
6420070396098739
2133035321686030
460355317639382
1353275820244208
10772982246631504
573373807539610
2321666942579836
8766802899318287
8740439040429460
2839411075559230
6793330555909586
4689059615057893
13753827933705761
6797552121198610
340212164450803
8831587257114202
8848167204398602
11649664908379783
5196851542094256
9273447742070877
1551760679223436
3978347530551068
13751642438831567
4072329674644426
5832148637889540
8767686797908391
15451117888923379
10365669607914543
11569001539118233
5349923164126573
11714314463718831
3834621848814409
11786304393924592
4192591216656381
7120566420153913
2577939148342060
12636917531979530
12554043180096510
1709232972083751
12261191345701155
13748900174415395
8804498804464027
3359900920225125
8821652888267223
872908526733569
7633586038996609
5301113081473119
10769694307384048
2321366187519432
12614468708829740
12257528063366660
8944315702298292
12041074244981450
14355337110258785
1999351593596426
1982641040547781
10688236221230454
617808604268013
8848057002095779
9082790356160248
3286816182056675
13538886076581979
12807948493100909
10162022150012402
14877007034294658
3916371089365714
10719476532356354
9271695487006368
8752187336685877
8808684121648912
12723784143936915
9696401510124498
10769003623606815
5305317626360383
3270902243842151
13748202015141858
8740860697950967
15241614277767204
3844665133988712
8654290051732146
12735533732860838
