35199636
81194891418976
299036297
1169195924685
507838
10178297830991
49426
38517
1479
6951465
53653086
773356046
74105933
2921239807
680
46096666983
577
2365352177764
29751798336
4396423
145192503909479
680
57527606
73697877
387164964
91908948485147
80615358576100
500324
715229442
29865480
1470011791852097
264
119272818047928
22200278
660
9683572588474
10290792328664
41
38776686201
42593
16
3183
8813565845
345679878983
99327908271880
8697208754113
394105
1750757178
1981387
34522941030087
65279839678119
258
35167346
566811936
889379753564777
628662265
43
2388673380
1740508
14607461695869890
482903
55742231141163
964
22782959
49672
6240734
896
29707870
567777092738
2780
22
250549
111528653380709
116598314915161
39593324270277
89270503757279
955215737847960
519658854
7392410407
5732009
5
290296970786
3410577449119
30255454050754
3620
18765803869587
236556
14414819348
3197
3892435745771536
2418693867699084
842105973717506
49931819361230
96666398601
851739897
9302019631
20
135006248599623
1967789584957663
308801923137
