7626530524010073
21557911668
7702527117156
524686409570
8329793
836
264
2193702007811633
844
30958
203617
42089821810583
12042414985421
2620908922
5850272
457080196425002
149848
134219137387854
223
296
111080078471147
113380124803414
1236
8922069907
1443611304
5985299581755603
43
173499053
1166271789523
100
70344
3320
42200678599261
3323
46669159097767
164115996715261
97
8709793870894
5035156
6601959
729960248227
32405214
62263
30836
4696964
8200
10206836192090
3057
450471
7409383120175
358631100020380
223
3974
37084303508
108643819188
2806468174
160987
519670
115596
1510957843
76
36548
2142713829
1564921
87968374954
9679881427
7120176087
72427124
3427115934
11658691814472682
5748867730
1080271509580042
247804563
3182
42212675503
223
16646875856
61965280355547
7306976436355
615
38894
16
88162
586146
556325
918
78608959181
5289238
460282
3102
808514669
1108956974913285
7191657698
70975155
758430832
63331950
5541766966153
80940922449
1175
268908402298
