0
0
0
0
0
0
0
0
0
0
0
0
0
0
0
0
0
0
0
0
0
0
0
0
0
0
0
0
0
0
0
0
0
0
0
0
0
0
73104
0
0
0
0
0
0
0
0
0
0
0
0
0
0
0
0
0
0
0
0
0
116496
0
0
0
0
0
0
0
0
0
0
0
0
0
0
0
0
0
0
0
0
0
0
0
0
0
0
0
0
0
0
0
0
0
0
0
0
0
0
0
0
0
0
0
436965
0
289700
0
0
0
0
0
0
0
0
0
0
0
336488
0
0
0
0
262791
0
0
0
0
0
47528
0
0
0
0
0
0
0
0
0
0
112932
0
0
0
0
0
93024
0
0
0
0
0
0
0
0
0
0
0
0
115704
0
0
0
0
650300
0
0
0
0
0
0
0
0
0
0
0
0
0
0
0
0
311100
83888
0
0
0
264532
85032
0
0
0
0
0
0
0
88754
0
0
0
0
0
0
0
0
0
0
0
0
0
0
0
10265
50227
0
0
0
0
0
0
0
0
0
0
0
0
0
0
0
0
0
0
0
237096
0
0
0
0
0
0
0
0
0
0
0
0
0
0
0
0
0
0
0
0
0
58248
0
0
0
88943
0
0
0
513520
0
0
0
0
0
0
0
0
0
0
0
0
0
1203389
0
0
0
0
0
0
88335
0
4008759
0
2115
0
0
0
0
0
0
0
0
0
0
1015899
0
0
0
0
0
0
0
0
0
0
0
0
0
0
0
0
0
0
0
0
0
0
0
159516
0
0
0
0
0
0
0
0
0
0
69159
0
0
0
0
0
0
0
880325
267038
262811
26344
0
0
0
0
0
0
0
0
0
0
0
0
0
0
179226
0
0
0
16359
0
0
0
0
0
170936
0
0
0
0
0
0
0
287840
44756
0
0
846
0
0
0
0
0
0
0
0
0
0
0
0
76090
0
0
0
1012980
520598
0
0
0
156690
0
6048
0
284449
0
0
0
143336
0
0
115880
94281
0
0
0
0
0
0
0
0
80292
0
1104098
0
0
0
0
0
0
0
0
0
0
0
0
0
40898
46074
2400764
0
0
0
0
0
0
0
0
0
0
98829
0
0
0
0
0
0
0
136348
0
63874
0
0
0
0
0
0
0
0
0
0
0
0
0
0
0
0
57852
52669
0
265372
1149096
249906
0
0
0
0
38568
0
85185
0
153042
822756
0
69538
0
0
0
0
0
16598
0
0
0
0
30832
81694
23488
0
0
0
0
0
0
0
0
0
1662430
40200
0
44106
0
0
0
1736221
0
0
0
0
0
0
0
0
0
0
0
0
0
0
331432
0
0
0
0
180454
0
0
0
0
0
0
0
0
0
0
0
102028
0
0
0
0
0
0
0
0
0
0
0
195378
221466
0
0
0
0
0
193152
0
0
0
138894
0
0
0
0
150670
0
0
0
0
0
27780
0
0
0
0
319827
0
0
117428
0
0
0
0
55246
0
0
0
0
69447
0
0
0
0
28107
0
0
15798
0
122732
0
0
144528
0
6484
0
0
136981
0
0
0
0
223252
6200
0
0
0
421543
35144
185810
0
23568
0
0
0
0
0
0
0
118996
121696
0
0
0
0
118996
0
0
0
378718
3204042
0
0
0
0
0
0
0
0
150840
0
0
0
0
0
0
187470
0
0
0
0
704608
0
0
35951
64296
0
0
0
0
0
0
0
0
292746
0
0
0
65539
0
1110283
473293
0
0
0
0
0
0
0
0
0
0
0
0
98758
139219
10545
330665
33374
4460346
131720
0
0
0
118630
0
0
0
0
0
159950
0
19566
0
0
65295
0
0
0
0
0
0
351308
0
0
0
1298107
81674
8432
0
47088
52900
1874592
0
0
701268
0
52301
0
658328
0
0
0
21774
0
139076
0
0
309455
0
0
0
0
99996
150570
0
48120
0
0
0
0
0
0
1230350
0
132266
0
0
0
0
0
196845
0
0
0
0
0
100208
0
0
0
0
0
0
52301
0
0
0
0
481850
0
0
125034
0
157012
0
3928594
0
1110283
0
22892
0
0
860582
81796
0
0
0
0
212911
0
0
0
0
168376
0
0
9628
0
96835
43831
0
0
57830
0
0
0
477504
0
66057
32080
0
0
0
2409685
282876
127474
0
64632
6346136
0
0
177560
0
0
729653
0
0
0
335684
0
0
0
598810
0
0
0
0
0
159036
0
1820913
0
0
0
96591
0
108474
0
167141
52199
0
74701
0
96798
61277
0
0
371574
332854
0
0
0
0
0
298896
0
320150
0
0
0
0
0
24780
157391
51437
0
0
0
267528
76988
0
126502
0
0
43966
477570
0
3090360
0
0
0
0
0
0
3669
0
93300
0
0
0
1193729
0
0
0
1113362
0
166588
0
54798
121806
0
0
0
549470
0
4543548
405661
0
0
2313326
0
0
41874
28738
0
0
0
4705794
0
0
0
0
0
542597
0
29941
34115
166353
141126
0
0
0
4622
0
0
0
270912
0
251227
0
573510
90370
53209
0
853471
0
0
3631538
852386
806780
0
0
52688
358788
38220
0
0
0
0
0
15255214
0
0
214322
0
0
119664
0
3434940
0
0
0
0
0
36655
0
41524
326183
21108
173216
0
27045
0
0
0
167652
0
51437
0
2856577
0
0
0
84319
0
10658
941141
0
0
0
63156
133410
141370
244830
338236
9823
0
0
347736
0
0
0
0
150840
49139
42251
513888
98364
1467437
0
0
0
85468
28915
194104
0
36473182
47155
0
515652
36390
0
0
0
0
88713
0
0
0
0
0
0
0
35516
180465
0
375220
0
0
0
0
0
0
0
0
0
0
0
0
0
0
0
310048
0
137792
110700
0
2341898
34440
0
2341898
56146
150834
56290
77100
478228
93542
0
384328
0
133616
0
0
24756
0
75173
155566
151518
0
1369819
191472
0
0
80292
169368
0
50995
0
0
0
0
0
1957098
45766
0
0
0
0
0
0
180208
0
221986
0
420548
0
78673
0
44934
0
0
41674
0
0
0
953370
0
526811
0
0
0
0
0
90470
0
0
0
0
76231
0
0
0
0
77783
9759942
0
18144
0
440974
1650499
250448
441119
0
0
37897
0
0
88724
10265
0
0
0
24368
409842
0
0
0
7973606
91071
153398
0
0
0
0
425846
74039
97301
54608
0
0
0
0
112100
57947
0
56963
0
0
52966
0
0
0
57760
0
0
140840
27315964
0
0
0
0
0
290007
0
0
186314
0
0
77440
50094
0
0
0
0
0
274852
0
0
0
0
72995
0
16359
0
321236
86615
82794
0
0
176254
19102
0
1199594
9002
0
83612
311333
23625
0
0
0
0
89222
0
237
0
44509
198636
0
0
0
65282
0
3830
0
0
0
575510
0
8567
0
0
180240
526811
79705
957342
0
73932
432305
0
158768
0
59765
406506
32080
0
218976
0
244103
0
0
0
0
381690
0
0
0
0
0
0
0
1220594
60160
1751228
0
191392
84913
132041
173698
0
73108
46580
192718
0
0
0
342236
285722
1177004
0
0
81752
239016
262156
0
0
0
0
1745043
221214
419646
1416
0
17134
96586
262441
449840
77308
0
0
0
0
9984
0
0
0
34305
65212
0
164112
0
162075
0
0
0
0
0
0
323514
10949
699695
0
126776
0
97052
0
0
0
0
0
0
1313190
74366
0
0
45484
91454
257988
0
310148
162093
5906
0
510465
0
0
0
88713
234661
63109
79200
0
0
0
116544
0
124697
1372
0
21951
0
0
128202
70333
78311
1464568
36146
0
227606
0
0
425812
42095
1613412
0
94716
144964
0
10676
0
0
0
0
0
342380
0
0
0
41828
0
86572
0
0
59274
607944
427919
0
175654
1572207
0
5789
1808
410373
5959
56943
158357
0
0
0
0
1205222
0
0
900936
0
0
41785
0
197716
0
83926
18333
267134
685280
0
4063779
56963
0
0
0
25086
0
0
0
52966
92967
33374
0
0
91895
0
0
236889
283803
0
0
99595
0
0
50227
139108
0
56266
36162
11614591
0
0
146480
0
2594
0
0
0
0
0
0
376355
120556
0
0
0
0
67229
0
35144
26715
2409050
0
67284
74502
56635
0
0
593119
0
132960
0
0
0
0
0
100647
0
159644
0
125018
215797539
121901
3436659
108657
2769221
242271
0
173249
135188
0
0
751070
95330
8572
0
30163
0
0
0
216431
10037486
0
197829
0
0
0
0
0
0
94397
0
0
0
349011
0
82334
0
193130
727429
801128
429612
0
0
0
0
78781
7762
1069867
0
1394810
13148
67918
0
434671
45395
151518
0
1280738
0
0
747426
35951
0
75356
457202
110486
1604635
154264
20762
75729
0
0
165230
870364
134748
0
59514
214322
559292
126683
1115383
0
576366
43174
17523
58245
0
0
55244
106032
0
30163
0
361516
52034
78795
0
0
0
1534906
68233
0
0
0
0
0
732
733659
0
0
392648
134577
0
0
16427
0
118249
876058
0
105195
0
0
0
0
0
0
30682
0
0
4912657
23948
2345679
173249
0
90038
0
1167081
1906088
0
23834
92244
0
71332
839004
0
0
0
0
53209
0
72380
61514
0
0
0
60953
0
0
160584
0
0
79974
0
1030284
62764
8396354
515664
65142
0
1829068
0
90379
0
255732
409161
0
265523
176946
0
282990
0
0
0
39534
81161
819324
239466
92837
115796
837758
0
700373
0
0
86572
54661
452545
0
183492
228946
0
0
1131329
11541036
44094
0
0
0
0
0
0
161103
8673
107991
0
0
0
0
2390654
0
18998
270288
0
105338
6849762
360310
139632
0
0
0
0
0
0
1161644
35760
0
113167
51941
165067
130125
34515
0
88987
0
0
35472
0
98998
26919
0
47990
0
2410701
89726
0
70258
17577
0
0
0
84167
0
0
0
228406
79938
0
0
0
348930
1436617
1039148
4764
0
52950
0
94108
178492
0
504511
48939
0
0
0
303163
74349
0
0
2219325
32948
0
91555
0
0
0
3173566
69719
67918
12906397
20605
1593621
0
162075
398525
117237
0
647943
60111
83348
0
59729
0
64815
494046
0
0
1901029
618733
12117
0
178492
0
0
22602
407101
0
12968
2141388
119062
122665
0
0
109700
0
0
0
220772
59183
345769
224621
1913822
76740
3830
0
0
57296
0
0
0
0
105442
82696
659905
0
1558891
62710
20065
167652
5365234
43831
763527
49720
76963
0
0
0
9678783
103299
0
184713
132943
221388
13139
202133
0
0
0
234933
98157
0
0
150274
0
0
141930
0
0
151133
180740
0
0
0
0
95967
53586
341238
2867900
0
0
0
314255
0
0
0
79224
724748
0
130742
0
0
1404
389640
0
1514421
2549002
131324
0
0
557483
236442
84333
56830
181442
0
8076973
0
0
0
0
92043
110486
0
0
225149
140731
263481
0
238576
42968
0
7616755
0
0
0
115930
0
0
0
0
0
0
0
0
150780
0
43339
0
0
81593
8434
0
0
0
161012
23432
0
94823
5799649
0
24860
0
0
0
0
62710
0
67229
0
672638
204758
550610
0
153815
12027516
0
0
0
0
0
477053
0
800164
63737
0
99177
0
0
27517
157183
83491
0
63618
0
623809
0
986638
46671
8054
0
123310
0
92793
0
0
233180
90186
0
566020
697182
0
0
74366
8555
53586
0
0
30645
34406
80814
17416
0
52711
75028
130793
91454
0
39957
585536
0
129132
46690
0
0
36792059
0
0
79620
0
360098
0
67284
0
0
0
0
0
59491
308220
1480679
87939
96592
96586
536775
292589
0
10325587
164810
812806
4624
90883
0
13230
142458
20277
200090
413922
208376
0
0
39928
62884
542397
0
92670
55807
0
36193
0
297356
0
1553518
0
0
153998
7251
0
780109
0
52966
49996
0
0
0
1030177
0
80230
0
0
2549002
866075
0
0
0
566020
0
340985
276352
41348
416082
0
182098
25640
76069
971678
62679
7135
403000
96795
0
0
25287
300
6339
38353
520047
0
0
238689
216094
296904
481968
0
152230
185098
85914
0
0
0
0
0
277692
0
113785
70420
0
0
870725
988560
113167
275129
91364
20271
0
56959
1204822
0
66705
0
1552943
40732
0
13115
285702
29476
294585
0
2976
0
0
150
0
0
0
0
60521
0
0
35952
42810
704907
291852
0
94225
0
207786
0
0
390894
238689
68189
0
66859
51262
0
98738
300
230199
309131
372464
7313
0
38353
0
119566
1492843
60159
163064
0
95261
49576
0
184606
0
92837
1381727
711662
0
1204822
107403
0
512033
0
0
3751744
92399
39044
106949
198304
621361
86849
0
1351995
119433
99941
0
98408
257346
96235
0
60200
0
0
2537580
4691
984996
0
7204499
485393058
0
0
36254
221986
0
292876
230889
0
0
89090
1142363
113785
0
0
537953
0
125017641
187336
0
25537
9651
209323
0
18494
129780
195168
315252
0
0
48050
0
1030177
0
65476
9496
113367
0
0
35091
0
0
46172
251986
0
287797
189818
0
94187
64256
0
222603
72008
0
57651
218088
0
148496
1136112
24999851
258496
0
0
0
309208
0
60848
0
38370
52822
173796
401091
16527312
186514
0
0
100935
40213
230199
59024
0
0
195732
56482
0
87669
324767
0
159589
0
0
0
1768792
0
289476
189532
164573
21968
0
1630182
0
0
0
153398
239070
13534
0
0
20585
12796
1932671
97505
2865170
0
2137442
254964
193804
0
266543
69741
12081
0
99530
0
48872
0
59411
98302
0
225149
360730
63348
51150
41158
55525
0
73108
0
429427
91879
0
104225
26671
122665
74671
99177
0
57081
713749
93578
0
81139
138822
244676
96569
0
0
0
0
0
0
2252378
23221
0
62509
0
0
0
0
4620
2329207
91886
3177967
135502
191392
0
0
0
10534
277199
0
450145
98689
242352
260507
0
505643
0
0
0
173035
0
0
72008
161876
18864
0
0
92258
19224
439635
0
0
270863
98738
228267
0
405753
0
425392
0
0
4621
0
59430
0
376001
244103
0
102532
76988
49108
72460
2154147
8463
0
61216
2040
3094458
0
0
197112
0
0
0
0
0
86934
41508
616299
43831
188109
0
560763
185110
1913747
176131
0
0
0
0
78906
69719
0
222252
1378229
32994
219726
0
0
0
85299
138971
0
11273
0
0
1932671
191352
20307
0
43831
1564149
0
0
0
0
385902
0
856050
0
4806294
0
0
432450
0
0
251688
41674
0
0
22610
0
0
253679
17269
120253
0
13115
0
37327
137496
326670
1861
0
83931
16593
58245
63649
0
391860
0
143425
829345
0
0
75786
18153
0
244490
321996
178284
62997
0
753356
111642
92837
0
1517731
55321
281251
4691
226219
4560710
0
0
3120205
0
91237
0
0
0
119334
921343
221791
0
0
8507572
60097
1886
382204
0
0
0
0
0
0
311826
46417
0
321813
165889
0
0
307090
0
369917
72128
60160
0
254768
342110
4492
0
1239705
0
174368
746358
80432
0
951729
0
9598
0
0
0
28305
0
0
0
722
695587
370131
694794
0
0
0
0
1613630
415080
266961
188891
66559
0
0
0
0
21113
76798
608410
0
65717
7875995
0
38892
0
1461957
0
51986
0
5538644
0
585591
77548
0
1051978
0
59491
12633
5618761
0
195416
94466
78311
35905
0
0
25009
76412
4622
0
0
0
59664
55520
0
0
147510
1046630
0
0
73310
84756
0
153398
625889
64165
0
57489
0
47119
92276
32627
0
0
68023
84266
242287
0
0
46838
143114
0
166173
258496
77651
99557
137129
0
191220
128839
330237
62382
358452
0
0
69476
0
0
49499
67282
0
154824
60159
149284
84065
0
9496
0
18333
0
0
14287647
4954063
1769965
99557
0
0
0
0
143271
0
0
216971
62997
49192
66808
0
0
366026
115930
0
69119
97575
35205
0
0
41170
87460
0
837220
411900
48120
404521
0
210168
4671876
0
0
299782
0
86205
88179
0
164540
262441
249355
53315
0
125762
844441
9063962
83429
1146612
49499
0
540617
927164
13342
553124
129078
63524
0
884448
1131246
0
308550
0
76069
47279
906099
0
0
0
33214
376355
0
481123
34532083
0
89021
11273281
107083
0
92754
0
0
44867
34842
301758
0
8927
15701
25107
5880982
0
50962
102098
1430185
136816
21814
171040
328406
18368
214268
0
250813
2018772
389640
0
167006
0
155612
147508
27333
31333
19938
6261858
186
14374918
0
220043
173035
2822046
110056
0
98639
83115
49353
2182366
8457
28737
54128
240334
0
0
0
26670
16387
1250644
406434
987639
571053
73888
783501
93024
276372
97607
58642
0
62979
77772
0
0
0
79336
0
40865
80610
340514
0
114462
0
269707
24121
102556
2340605
0
0
0
772716
77950
242814
237951
0
0
24654
1077820
144578
0
1510631
1036710
4524848
279926
146686
4809530
301489
57843
102301
655696
0
2117518
1822810
64169
0
1511240
52830
2261432
138738
4286
5771
0
0
252570
129876
8984961
0
25009
38909
66569
658165
39711
211584
0
4521
0
79705
6161
0
565736
894997
267764
0
178204
0
139168
109596
159234
0
0
78127
87827
0
26559
9641
86196
182508
0
0
0
406760
154824
0
35801
2690960
0
76127
713178
209585
77651
1070427
349914
0
0
0
0
0
97649
0
82712
1005536
83350
14074
0
235446
0
395917
112681
5867732
96838
844730
182508
20298
0
98709
123740
0
766768
74880
905719
2598341
863013
55485
0
0
918137
182098
52824
506718
99177
0
321432
0
164306
0
96835
0
646804
56570
0
250262
10825993
0
0
0
80384
121705
1321878
0
452575
38720
86140
125565
121442
0
900819
281723
0
239949
149804
3564351
0
879056
0
958094
1053232
748274
0
732968
1301
0
55562
28954
0
1019059
22602
89770
0
37129
0
27477
777817
0
23290
0
147876
0
0
0
307917
644930
0
511828
0
99896
0
90568
344826
77813
22573
0
0
0
29078
77912
0
0
0
2013110
173942
0
140778
243240
35801
0
0
333833
0
223533
143920
76231
530813
0
143630
0
0
76798
63721
115088
61691
0
59814
89750
138738
0
147876
30100
0
437374
560113
29387
0
12076
66818
0
1711478
1986587
0
176434
464143
0
759114
0
28151
0
38720
0
0
66056
6189686
466002
62133
0
79949
19827
108267
0
259317
2106632
0
9933276
2243507
68941
730840
51814
89616
427383
49369
129220
0
103299
0
58245
44596
281718
132382
167862
43875
902537
57489
10676
1446204
0
0
0
0
43771
0
35472
1386098
0
86934
268813
0
0
5299362
96458
140676
1746874
47359
288655
148553
122254
136857
204321
169143
219023
62496
3777961
0
42734
0
53214
921999
0
0
0
3512
55246
332082
277038
325978
11708737
0
63618
0
72772
56259
0
18153
0
147510
5771
0
192845
631722
268742
45565
0
95483
76105
93563
52824
0
557254
0
218275
170285
0
233943
34327
58511
1341
101335
0
321376
713666
327633
0
194596
78290
112681
111904
0
0
70033
378673
153815
11849
196604
279312
77950
0
0
255291
86347
58647
5627341
43363
1571975
0
0
2195718
128338
223007
688801
106192
102135
1869951
0
0
117784
17876613
1093968
16253
148497
66987
1317630
645140
0
148497
0
12736261
744159
140644
53900
0
0
4596162
2602
0
0
2814873
0
233418
24780
25744
6667
0
15701
506827
233696
0
345487
0
94216
0
65718
198398
63526
0
0
0
0
86798
297698
127298
53782
71557
0
0
370998
727871
5959
288595
35144
0
53782
0
160172
210238
83491
0
603983
67229
103012
198668
49395
285636
0
98738
169162
0
0
378673
0
82241
25893
202005
191954
905719
0
26460
0
918174
0
78290
389716
227822
150888
0
42151
503531
1177864
30964
584244
0
11200565
137506
119921
0
0
303964
20112
0
266139
0
80938
12863
158768
267253
87460
0
1066621
101359745
4927204
138591
47580
26414
0
86934
0
160755
188604
21135
307917
0
0
253434
92754
0
0
46172
0
5726897
0
71766
15435
647752
25208
364313
63109
1828723
36707
1588519
48995
47758821
0
854088
44509
161966
389716
431745
421403
711232
138445
0
69562
139008
988547
0
0
0
0
46681
279519
1006590
39012
67649
64016
0
116719
122962
0
109410
1162387
681960
66987
421276
844441
417441
268510
0
18937
0
637584
15576
27048
235796
3416018
0
93150
0
110188
1297
99671
0
17027
421276
0
124914
0
29118
602674
180596
260694
59067
38182
2064
0
769852
22573
0
886566
854088
0
16364
224767
4258341
185432
0
0
29067
54738
25924
91418
75415
0
192907
0
8956671
0
0
76239
190916
0
150944
0
0
40559
64983
823446
96643
0
0
0
2153953
0
83428
353627
2430803
5551330
126312
0
478236
0
216614
3313091
17203
0
0
13750
0
0
0
1693864
729120
0
16817
35742
23788
0
90197
23279
0
0
10911
0
119626
1866924
191349
518330
0
1209482
456201
0
153138
0
95731
0
0
49369
808479
40764
1457760
0
271942
0
28241
3302360
791475
187442
0
11398
80265
87360
109940
489286
624815
64296
918174
16926
219035
0
0
2992772
511369796
12863
0
90228
0
70165
2356391
475161
0
0
9382
0
71529
381003
0
0
22602
341030
161341
40301
137792
228077
595670
273433
0
161343
0
1077820
58490
143495
32627
0
87488
25898
79734
935890
0
0
2702600
141930
21493
377978
634718
0
0
0
140110
0
0
234703
35760
0
1750078
4691
0
0
0
68555
132902
0
0
77877
141059
12545362
840
18730
395492
177783
99867
0
0
0
142423
182431
0
181493
298002
64270
264401
0
0
273522
76376
0
0
317212
0
38044
51570
10617921
158448
0
312158
0
0
1991250
0
97689
0
39012
87669
109408
0
0
98919
8295
57167
1013181
47762
66746
119911
43160
90632
85089
0
87024
88209
620374
154455
68992
0
0
1258
0
91946
504784
52836
6161
19490
657791
197971
171333
0
1776988
277280
579305
173108
73291
0
44695
0
105252
248164
0
0
1026262
0
83931
192454
0
40305
29566
0
460875
0
0
225773
2846821
46838
48825
0
1115162
289707
0
960890
29941
588968
120836
183611
143634
83462
0
5960938
104212
368321
95967
110486
2737658
154604
1522201
57651
56022
0
73920
358002
213513
4726
0
573066
0
83841
17265
493254
2612085
245626
87156
572931
3192991
33634
0
76919
26819
370998
8749
0
59696
0
2942560
0
74039
91043
0
0
18105762
565934
0
0
12690
93169
0
95290
23854
201594
60111
31792
0
195287
500355
98027
55321
719763
0
30606
0
86798
1201619
272144
44138
67938409
0
0
2983846
327312
0
92159
204004
18494
140718
210091
0
438811
76231
75596
658279
64838
0
51095
345450
912606
36162
0
3556106
2593188
436685
9458
1177565
0
53315
103689
68896
222340
254334
185428
0
1109711
5886
0
753890
167226
97990
79297
635645
1676234
104212
0
1379
128724
0
37411
93241
0
0
0
318287
282454
0
461371
545115
157282
2600
882415
103595
65781
1749409
19382
0
92754
74775
35129
353185
0
0
31673
22708869
110787
647089
664656
848509
0
186068
806088
43091
0
27048
0
45617
901744
299935
55821
4382482
10589
29451
0
0
621878
132639
21765
410639
352692
0
41785
50295
82563
21822
567801
0
20165512
7821
654215
214342
43296
103748
17416
0
463970
11907927
60150
0
19774294
0
0
77657
41963
486505
75347
0
47359
177974
448502
18961
0
51848
849894
15905
5428
1079232
10906
7011384
0
29796304
83462
16324
60996
0
3588233
1064314
650433
103502
2013110
281154
98682
89010
3241759
0
92879
0
0
494802
57231
177974
180530
933101
83554
173252
0
5481503
15003367
125052
188236
142918
0
49520
0
254870
277888
1061139
272267
656023
332750
820189
0
1146612
44465
94462
123204
0
82768
1101391
73772
227570
225083
129689
0
104095
78950
0
0
57231
79336
0
5215973
51083
41299
0
0
4983430
50227
1194124
68833
153342
0
41742
12327
228361
60875785
94544
659763
726833
128833
23221
0
0
0
76763
109366
0
567412
5495343
0
14584
0
0
36137
68233
0
0
329790
239749
48582
2131739
13291
443839
73448
0
507483
7821
0
77384
33993
52387
0
0
42802
84440
0
6911
314319
83301
246155
1709740
395571
10207
0
130925
48995
0
252984
302459
1322419
0
0
189570
51570
441977
2649021
52629
411519
2878354
15379974
0
674147
80292
532823
423654
34496
0
158829
144226
43220
0
0
0
32869
332163
0
109854
56666
2239238
0
0
0
813171
4165723
0
734756
0
0
349904
24020
99086272
4993000
457323
0
1331
84065
0
125226
80660
81327
422196
346788
575313
136964
11698970
97854
2282060
0
411621
70533
146762
70721
118830
29041
448823
1587924
561165
0
0
93312
3400
0
84068
0
106777
46225
203588
650433
58490
188253
45778
0
260491
62710
144999
24632
160755
20503081
79224
6200
4142120
136155
324795
0
0
375734
63071
103099
0
196902
84065
0
0
388476
4295402
81327
0
322064
957533
103631
310496
14423
0
184721
0
4192514
100105
148142
0
4110258
0
143634
14996
16838
361039
321801
0
50636304
197366
0
218275
106987
117364
1566924
35874660
69881
53565
58511
472550
93563
256452
795860
2685056
63534
99807
95967
86670
129476
4584426
71960
138739
139168
130562
862057
54705
246791
195855
81403
479493
87568
213340
505110
14626
0
38353
74352
863088
201968
458726
0
0
183115
0
4736745
172743
444491
479493
0
261258
154880
0
500284
67832
75811
0
73682
926837
84626
37482
347456
244157
123309
557000
1423637
121426
43241
67138
0
0
0
0
89794
920767
3962242
296512
55244
12812600
123163
0
160618
1373055
103350
15310
507483
70958
18191652
0
3628107
452179
0
92089
0
90827
84992
218110
0
0
150570
1090670
360100
231974
0
0
221811
1396284
4606569
0
455942
99508
79617
240729
0
9482
474291
22592
60349
1763540
42001
3146
0
103906
0
0
325646
400426
7313
2713117
0
54954
1156650
10665113
0
0
3546838
418107
345767
16835
40216
21947
204691
130270
2614518
0
3273671
395571
0
203329
204691
6695986
91258
0
260260
165790
22434
131835
178470
375765
0
0
263714
0
180335
73404
719889
102438
135230
0
97173
0
64134
76356
83572
0
466879
46558826
224182
98998
273050
396732
120279
0
476873
51060
755256
264401
0
0
48503077
87251
0
0
94869
379417
0
2362831
153342
161966
229223
0
403560
31666
491566
49721
16278
384285
4382482
100759
78950
363754
195792
161550
437401
68023
51848
155070
0
0
11574
145198
56095
438379
13038
99601
97990
139402
326092
0
160382
545172
141647
253123
2978967
493254
84504
441594
265872
1365436
754797
95353
234952
0
0
54352
143930
37832
1265919
876671
20307
79203
0
0
56952
26819
242330
49353
342071
359270
15340
18153
147072
96224
0
1091965
358045
7780120
74195
0
119921
92715
315378
92098
0
86409
23429289
121791
88170
60202
941892
0
0
3086062
0
190294
361568
18792
20135
0
154308
86270
0
3847040
230334
1476305
38240
65396
0
461773
0
482459
450396
16474
0
777052
0
92124
0
6073586
456208
0
22123
10207
337486
0
9988
0
0
0
395162
109051
51095
188808
139031
0
0
57393
25554
82568
0
25893
0
72367
52830
577425
24153
0
553481
0
23221
104398
1629610
1422155
413666
0
179157
50186
68086
4933267
26791
380004
73536
0
0
139986
211445
26483
3765759
1181599
62599
553749
0
117511
0
0
422251
127608
0
51923
28241
171512
2221000
84421
228913
136816
51095
138615
0
25422
256947
91941
59696
18856
327401
513445
0
162818
52170
649883
6384
0
52895
0
127298
49192
80240
0
155840027
12975873
0
15310
105116
0
78461
973392
829433
134765
320013
1176562
101263
0
313861
1149477
0
13457
126162
269482
163651
0
93696
70754
282350
303876
12796
16253
74160
98443
1629610
0
814977
307832
139178
31371
32719
56955
54281
0
264588
0
97649
84284
69690
329024
105752
127298
2623151
148678
0
694899
1769709
39823
0
0
68674
1805790
88987
0
0
1081348
0
82241
41012
45005
1099176
9195100
0
0
426067
97513
635922
0
83607
16217
0
125226
0
262505
3100136
144734
0
20605
625004
113222
539949
80182
0
1336339
0
94002
0
99685
874632
164716
35905
4864238
1280602
0
488057
0
2807142
177248
21556
86249
864028
237261
0
39144
389073
2282060
58490
26210360
46925
533127
93956
14599
0
96902
38370
93780
77100
92441
333833
825799
147132
50962
208316
92399
395492
0
174603
73207
1198018
163338
531154
548234
0
1120745
47787
54352
0
75596
23037
97858
10589
0
140586
1969027
0
1642854
63064
49369
198860
0
943892
79518
604526
52684
134336
68086
503262
303109
170679
48296
148639
0
282350
273654
1182800
74160
43248
163734
389073
80909
80840
52238
0
90281
0
2651230
260325
0
21178
378927
1032714
587910
321576
74160
79054
302459
11810792
984843
38647
8440
111227
165515
12002
16278
3181832
447045
70185
173314
0
139402
129476
36693
0
99916
80683
149474
49721
101437
57876
79026
0
433565
156756
95676
0
190888
158136
139659
80814
0
0
0
148807
0
2119150
43009431
79228
151926
63526
289104
374310
0
92839
889688
57216
12690
1399436
0
102814
383648
97304
603425
952822
31770
674589
589820
109218
887272
0
6574
0
176126
34722
99774
160679
3005720
75415
1016114
536935
210094
368562
75415
0
190397
21721
0
305781
5453
79336
