0
0
0
0
0
0
0
0
0
0
0
0
0
0
0
0
0
0
0
0
0
0
0
0
0
0
0
0
0
0
0
0
0
0
0
0
0
0
0
0
0
0
0
0
0
0
0
0
0
0
0
0
0
0
0
0
0
0
0
0
0
0
0
0
0
0
0
0
0
0
0
0
0
0
0
0
0
0
0
0
0
2108
0
0
0
0
0
0
0
0
0
0
0
0
0
0
0
0
0
1170760
0
0
0
0
0
195448
1130516
0
0
0
0
0
0
0
0
0
0
0
0
0
0
67448
0
53972
0
0
0
0
0
0
0
0
90797
0
0
0
0
0
0
0
0
0
0
0
0
0
0
0
0
0
0
145796073
0
0
0
0
0
0
143738
3896218
0
0
0
0
0
0
94882
0
0
0
0
28735
0
0
0
0
0
0
0
0
0
661192
0
0
0
0
0
0
0
0
0
0
0
26252
0
0
0
0
125024
0
0
501145
0
0
102876
181646
0
0
0
0
0
0
292115
0
0
0
67792
0
0
0
0
0
0
0
0
25832
36212
0
0
0
0
42172
0
0
7978177
0
0
0
0
0
0
0
0
0
0
0
0
0
0
0
0
30630
0
0
0
0
0
0
0
0
0
0
0
0
42140
0
1470122
0
0
0
145858
139732
0
0
0
0
0
0
0
0
0
0
0
107931
0
0
0
0
0
0
0
0
0
0
3654
34553
86916
33872
0
0
0
0
0
251391
0
5491
0
0
189764
60581
0
0
0
0
8100
0
54698
0
0
636181
674591
0
0
0
0
0
0
0
0
0
0
0
0
0
126840
0
0
62677
0
0
0
0
0
314608
0
0
8698
0
449193
0
11095
0
230682
0
0
0
0
0
0
237205
54698
0
0
0
0
0
0
0
0
0
0
0
0
68950
76238
0
0
0
0
0
0
0
0
0
0
10308
0
0
218859
0
0
19926
29413
0
0
0
0
30630
76894
0
0
0
0
0
0
0
0
0
42113
0
67373
80241
0
14064
0
0
0
0
0
0
0
0
0
0
559707
0
944464
33564
0
5126227
0
0
0
117277
117538
0
0
0
28551
54718
0
1514236
177432
0
0
0
0
0
0
0
0
0
0
0
0
0
0
0
1344197
27446
0
59203
34553
0
0
78189
0
0
0
0
0
0
0
0
0
2776
42780
0
0
0
233048
153788
0
0
0
0
0
0
0
281203
0
0
0
102628
17731
0
6306
0
0
302039
0
0
67655
50811
2367681
0
0
0
0
1503099
0
0
0
0
0
0
0
0
0
0
0
0
498167
0
0
0
0
0
0
0
0
0
0
0
0
99788
0
0
51563
0
0
0
51314
0
0
0
0
0
51719
778557
0
0
0
0
97724
0
0
0
0
0
0
43909
0
1789519
70625
0
228926
144812
22475485
0
203376
0
0
0
24881
0
0
643478
266148
0
0
0
0
0
0
3427180
0
0
0
43032
0
0
0
292881
0
0
0
15761
0
0
191370
0
2496944
0
82867
0
3080021
1245158
0
0
1232004
0
0
0
2126138
0
0
0
0
0
0
614273
0
0
75469
0
15916065
240228
0
0
0
0
31998
0
0
0
3761
42113
0
0
0
304028
0
0
0
0
0
0
0
0
0
0
0
13125
0
0
0
0
0
0
214960
0
220269
0
0
4860467
0
0
0
0
0
0
0
0
0
0
0
36149
0
0
289125
0
0
1245107
0
0
0
0
0
0
245337
0
4580
0
496224
0
180274
0
0
0
0
1054
0
442034
0
0
43690
0
0
0
15154
16518
0
81968
0
39395
312900
89635
0
81652
0
0
0
0
0
0
0
0
0
1441764
2339
0
0
56403
0
117246
80241
0
1480277
0
0
0
0
0
0
0
0
120112
0
71281
0
204186
57102
0
0
0
16936
0
0
0
0
0
0
5912230
0
0
0
434907
213861
0
0
95685
92826
0
0
0
0
0
0
0
0
92023
0
47037
70498
0
90984
0
13817
0
0
0
0
0
0
0
0
0
0
0
0
0
0
300706
0
0
886441
0
111318
0
77412
0
0
362686
0
5788
0
0
0
0
115899
0
0
0
22364
0
0
0
197718
0
5260237
0
0
596049
0
146913
0
158412
0
33855
63420
2797
196812
0
996873
0
0
0
0
0
6716802
50981
0
0
77496
1392170
0
0
0
0
0
2572440
0
0
172637913
0
0
0
65140
116762
31149
0
0
0
0
1106356
0
0
116846
228456
456051
74158
0
0
0
0
0
0
0
0
764
383724
213828
28790
0
320203
0
401995
0
502789
0
0
0
0
0
0
0
0
145335
0
0
0
0
8678859
107042
111117
0
0
0
3601
108047
0
0
0
100678
240228
175909
0
0
12885
0
101904
131932
0
2441211
0
0
15282
0
0
0
0
0
0
0
0
135922
13817
260136
4580
0
0
0
0
0
90096
0
88198
0
375354
0
0
0
0
226212
0
0
3767501
998801
0
0
50527
0
0
0
0
194097
0
78790
0
0
0
0
0
130280
82410
0
0
0
157058
50498
97724
237900
0
0
0
0
0
0
64918
0
147098
0
0
0
372884
194621
0
46336
17920
0
0
0
48315
0
215316
0
0
0
0
0
128796
0
0
86751
0
0
0
0
0
0
0
69816
94800
93672
0
117316
756186
0
7376
78976
0
23066
0
0
0
0
0
0
0
0
54839
0
0
0
0
28464
132092
0
0
34475
0
0
52224
384138
0
0
80089
0
0
0
0
0
0
0
314868
0
0
0
146590
1077176
0
0
0
688384
0
220653
0
56481
42113
4437433
45040
0
0
0
21336
0
79028
0
47650
434436
0
0
0
0
0
0
0
0
55704
71866
0
0
0
0
0
0
0
0
51102
0
44644
0
178880
400562
33855
221831
3240
0
82080
78776
16312
0
0
83289
0
0
50627
175204
0
0
0
0
56666
44542
0
18408
338419
0
1225056
0
68420
0
21428
60676
184502
0
0
50445
0
0
238368
0
72313
138192
0
0
0
97617
89635
89058
82410
0
0
20261246
0
0
0
578654
147138
370618
766690
1361567
0
72251
483539
15330
0
0
0
14427
0
151017
0
0
0
77822
0
0
0
153788
117638
725155
0
4105
0
0
0
19868
159382
260428
0
50527
203498
0
0
0
0
47650
0
183237
0
75096
53844
0
0
0
132092
0
0
0
0
61586
0
53972
0
0
38266
0
91647
99251
0
0
0
572706
0
11152
130374
0
0
1837258
117928
0
593028
0
0
2455696
0
0
98732
0
50268
0
342729
0
4068021
0
81903
0
0
595723
0
453273
0
0
0
6058259
6686832
0
60010
42379
46243
92916
89742
3654
209679
25218
0
51794
0
76616
68834
154304
13560
3659552
0
0
0
0
80896
0
319639
0
410503
31149
44529
352535
10498
0
388658
314199
16428
8587
0
0
0
156840
55532
0
0
0
0
0
89545
0
25125
0
0
0
224693
270344
80741
0
0
60308
0
46802
0
276753
0
0
0
0
0
115567
41740
0
0
195046
98762
213862
0
0
0
0
0
19416
15650
89440
175143
2495259
0
61357
15166
0
96304
286194
0
0
0
754465
0
382658
0
0
0
0
51034
0
0
42780
0
59915
10421
0
51251
0
34692
0
0
0
0
0
51102
330980
0
43080
0
56556
0
273868
0
178546
11025524
296190
1260639
0
0
611885
139026
0
32842
0
0
2281298
0
141010
25761
320203
0
19648
0
0
240939
0
0
0
0
0
66741
84662
337459
0
459793
0
0
0
523902
0
5167626
0
0
32833
0
0
653039
135391
457793
0
230013
0
0
220920
0
0
0
0
0
168072
0
139158
0
50811
0
2900448
1511516
0
0
75096
73165
197400
0
339077
9952
0
77994
0
0
1056283
0
0
0
0
0
0
0
0
0
0
679972
72352
74375
0
50504
0
0
0
83066
82131
0
0
0
272456
0
0
0
0
0
0
450271
167668
0
73186
0
0
0
0
2187591
0
29118
248117
191124
0
1691489
93130
0
1321486
0
0
72042
119041
97523
143841
0
0
0
0
0
0
0
0
106875
12335654
0
0
0
0
340730
0
805379
428178
0
250395
0
191862
86916
0
0
0
51438
0
2789197
3256143
88826
155973
130282
0
0
0
0
2045620
0
0
0
0
1673681
300052
89440
228306
602586
0
0
0
89873
36777
0
0
606297
675212
43335
8836
6440353
25206
0
102233
0
0
5154
9843
0
5502557
4539337
125672
162895
122896
86881
46557
0
0
1184239
0
0
0
0
65034
5910366
1122038
285565
0
36903
0
90678
78873
153789
133466
0
0
148575
0
286686
0
175178
0
0
0
0
46078
616212
224693
0
208321
0
640960
30328
0
0
46524
48152
0
0
0
0
43909
0
8635
0
0
152775
94156
0
0
2514171
1895147
0
0
169302
0
327112
0
0
4580
0
0
0
0
14928
49224
0
153752
66814
400258
0
89443
2102
0
0
17731
35759
553766
52648
0
775735
41651
839649
42587
0
0
0
1293118
109706
1196394
0
0
88375
0
0
0
138986
0
2830483
91818
512054
0
0
0
0
0
0
0
189012
1048945
47342
2783975
0
0
68664
0
156642
52773
0
116723
0
0
63848
31103
20374
0
0
0
414
0
63420
0
483539
36504
195745
65774
126342
85193
0
0
0
3967674
0
0
0
84055
0
744046
0
0
0
0
21004
52067
212392
776
47414
0
570923
29524
2558089
4364
0
2667963
214070
0
0
0
0
65790
0
58488
128892
0
0
0
0
0
0
0
99260
412399
0
144962
0
0
0
695047
1743341
44070
58350
175464
55777
22805
0
0
0
0
0
0
59228
53700
92826
356138
0
116723
0
6715
0
90990
0
50436
174946
0
2978
212017
0
160866
0
0
0
1149186
195914
115875
0
56594
245373
0
3494937
911296
1590181079
287059
135534
0
0
4837207
23452
0
70225376
0
0
0
0
33278
83442
0
941862
165851
85434
41205
0
107942
62438
60361
0
0
0
0
97724
142486
0
487
25719
4161
970449
0
223696
162486
0
0
190240
0
154962
41234
473994
941862
182448
89273
0
0
46945
71287
48936
0
0
19416
128340
43485
0
0
0
780055
52693
0
48590
190612
0
0
0
51314
29644
0
0
2663587
0
0
0
24176
1842596
241401
0
0
65034
313910
77994
0
392816
293692
561277
0
56776
182584
48820
44287
38656
0
491271
0
0
0
877000
22665
0
0
0
0
345208
377297
0
474347
253346
0
558336
0
285360
51251
71958
136500
59218
3654
0
0
5246104
6772
0
98392
0
0
222754
0
402240
0
0
0
43485
20540
0
1270817
0
3507147
243562
1485462
0
0
82441
0
369410
0
46584
86829
1434456
0
0
187472
91021
0
0
788
0
93346
0
0
0
48443
50892
0
0
69005
76616
0
25832
417232
21478
0
99611
238953
0
0
604257
175269
1094719
68866
79548
0
0
76975
0
48134
0
0
65604
0
776
0
78494
0
0
0
0
0
0
766602
0
392816
0
26364
0
514560
348776
0
0
203891
46549
90678
38818
0
0
0
78886
0
0
281208
164021
0
2079829
115899
0
31038
86316
243562
21803
0
70625
0
347812
0
0
11786
542483
0
0
967
24867
57486
0
249874
176454
495724
0
276953
0
0
7585
0
208094
0
0
0
231098
923510
89409
337920
256914
0
0
0
357438
0
98286
568224
0
0
0
595147
50760
329133
0
0
0
2588590
32736
0
0
192954
0
0
263190
0
0
0
528443
0
145858
0
91561
56434
0
294858
0
0
0
3437892
66586
679453
122536
0
0
99242
66188
102956
58317
0
85434
0
0
6552488
41205
0
63420
442359
40861
267386
0
1422691
103299
76823
0
399811
141934
0
0
0
1112473
54853
345271
0
33448175
0
0
0
99728
2138524
4853
0
10241
0
83163
717021
0
0
388335
163438
0
29101
790757
1112928
14597
170292
3805
355236
81465
0
0
1171609
94083
0
362670
1290865
76253
0
0
10528
0
0
12885
2664262
0
0
868386
321105
0
0
23667
34214
0
3083355
0
0
170910
58752
0
32887
0
0
0
0
0
4690383
0
0
0
0
0
0
0
0
0
1615959
68332
22469
82410
0
0
210538
94764
30452
75339
0
92843
85153
101288
146412
0
7311434
43909
1027
848996
0
9148
289453
0
32528
182042
1372527
0
69449
0
291672
133854
0
0
15846929
34166
56545
0
76537
2757147
28970
265326
0
0
208156
4599071
10640976
0
0
0
0
0
291672
305
0
829624
0
0
160389
0
93496
967
0
0
795869
173502
0
0
0
0
0
40418
87727
37259
66311
202836
327112
0
59254
156567
3044075
385076
157916
584293
0
0
0
0
37386
0
422879
0
0
0
0
0
93806
29031
26444
82784
13959148
121357
0
18976
0
0
74769
0
0
0
20550
12403
90809
1215017
57979
0
0
0
32500
0
91980
2667963
137460
71540
359247
0
0
0
2279056
601141
0
0
0
213136
0
0
175715
0
1029571
4976
0
12186
344856
2765095
0
1367892
32782
0
0
2416115
32293
696064
225063
80747
41285
343714
12117790
0
575283
31038
0
0
717021
8214
101242
0
0
343714
101784
2355427
50627
2815694
0
118142
2619922
359247
6416
230064
40010
177827
0
535396
91021
13018
136107
52117
0
241338
85302
0
169230
9805287
640960
0
0
281096
679453
0
0
55586
22296880
0
950813
225825
1431615
645926
58196
247152
0
33642
41345
50014
0
0
0
62438
55619
0
0
8214
34644
0
72652
138354
0
147138
11906
0
15070
31256
712475
0
27815
1210746
142013041
0
1816455
0
859428
0
22035009
403183
15761
41342
279706
891127
0
297267
0
119322
0
0
0
214970
0
0
2595569
0
162955
37165
198001
0
0
53169
15537
0
0
272013
292905
73060
99291
0
380218
109964
327370
0
981197
212113
0
1193027
96334
208321
99290
367211
358606
0
3097745
237770
1327616
0
99949
2577
188628
36149
0
0
0
289453
1603847
199647
91337
5294169
14752
76894
297267
285565
30338
0
0
69944
148441
0
90137
89741
0
0
0
51948
0
74902
0
84529
0
0
0
0
829624
42353
160892
849685
54546
80230
87719
0
32712
153789
70074
0
1225361
13094875
47283
71287
130282
588830
3223973
0
153376
0
0
87727
0
0
0
0
0
385003
805222
2339
121358
0
9151000
225448
165685
0
39106
0
1775223
25719
17286744
0
87855
278540
634786
777544
92156
0
233889
29356
82626
0
0
39758
718377
0
0
0
37679
0
13463
0
43458
0
0
630488
0
0
165304
245502
227912
0
0
52024
154846
0
79975
0
3388
0
8587
0
0
69554
0
0
167758
1033648
0
611214
676578
75653
11309
54546
93316
203924
493464
82610
399948
0
86696
0
214079
213566
0
0
0
7844
77693
1026341
1412883
0
5999
2142525
23675
0
41345
0
798240
0
0
69648
0
688235
399469
18609080
85283
21019
30337
0
40772
2032476
50648
41345
29692
0
24905
0
59130
4420
1608821
83677
85243
42780
0
0
0
0
0
0
88716
0
0
53076
132202
16887
0
0
0
0
272732
614252
14586
30782
0
0
0
59130
258385
642367
0
94438
123747
1839569
13430
40926
27582
184328
0
0
69174
339845
0
25107
24502
2749821
0
56222
50169
1448900
60258
0
86729
304014
90194
303999
45452
367211
55467
138463
69816
0
0
669625
0
87927
0
177290
240551
3539520
69005
98794
0
34166
2669411
87663
298428
82926
0
5777460
0
0
0
297946
0
0
0
5960872
32294
1164790
96663
64446
43909
30452
0
180544
0
74858
0
52256
57486
0
1595245
75038
14323570
73500
0
8228
14922
0
300327
0
166892
156972
83983
405414
0
182295284
0
46447
2677
0
617402
90684
84894
0
227626
0
0
0
0
0
0
18253
1158904
0
4028819
34166
7016
0
868386
703396
164882
3852031
0
0
29853
109678
0
4789016
0
0
91859
0
18715
357857
278748
0
0
109642
6789
0
0
95545
0
0
129480
2592561
444181
0
0
239866
242901
0
692219
0
0
9422152
0
0
99702
146642
63435
260253
79438
0
0
0
401131
0
0
70095
32764
0
51391
0
83352
30543
86027
5999694
198216
10498
185001
0
0
75954
79030
153870
2700693
27983563
27627
0
61840
166238732
83983
49502
172204
50268
288450
139786
306568
82777
314849
0
161487
34139
153658
132144
120205
130068
54958
373796
0
92060
79705
68615
17192
230533
863678
87258
0
280836
131859
0
236773
804629
33143
0
97724
245637
1581266
1609730
0
377266
49401
0
240027
132121
38702
65141
130472
0
0
0
1029609
3654
364377
42076
12603
283919
1647169
86027
65797
17214
167439
265935
197948
685444
943361
98860
342694
42025
120661
97474
1069328
138354
341627
379536
72181
157969
0
70977
0
0
0
0
21019
71396
0
69083
53742
459924
132620
7854234
1086230
173502
0
0
0
69004
33995
116846
824142
516
0
455115
70479
0
443054
225448
40271
21775810
0
0
0
11262283
0
142084
420917
0
0
95038
5643219
484232
0
183698
33285
0
9440380
0
4777100
176273
651171
150026
62722
37614
189694
167758
99611
0
1015364
209891
1149165
108174
0
156431
0
29870327
170897
0
0
0
4228
249654
117896
40418
0
219389
67570
0
70854
251708
0
35923
150076
0
54839
0
723849
0
149489
35042
0
99949
1691352
595399
0
218554565
0
13529
88726
50981
0
146087
0
0
244510
0
1504260
81910
37386
10028
0
0
0
153234
182221
0
21632
0
73640
35911
0
129023
911587
0
1011175
155634
226675
404888
0
214949
98780
0
83526
2007639
85823
306671
0
0
8672163
82010
445017
0
25134
28272
0
332994
337459
316274
94156
0
0
93084
1378137
64556
0
0
0
1625805
359029
42666
0
0
114932
74011
135252
0
348093
0
323639
0
73165
0
1059166
100300
57191
829520
0
32764
290496
10210
12543
0
29031
0
0
0
68051
289592
0
2253906
73768
330520
0
0
0
36176
42588
0
119944
86409
17214
21118
1272008
241510
88244
48421
33626260
64380
41626
8753
0
0
97471
150615
50039
93672
124519
0
863678
195376
0
318720
0
0
15153647
848248
36006
80939
268105
200594
259738
0
1601084
62668
20633
171472
375364
150026
874601
536799
187014
4169168
0
482278
1711194
0
0
0
92263
260315
233126
208435
43230
65165
33644
48214
589171
72429
0
0
1320443
95613
17540
0
79951
89545
52907
384124
69374
1135916
38119
0
0
0
345628
279390
0
42862
110415
6772
0
125151
90326
0
2873607
0
0
486110
63479
157569
0
51362
0
83526
902026
0
62302
572810
89324
0
6941
0
0
2336369
267320
72919
43255
0
121284
39758
118341
18080
11747
118948
58381
72493
0
0
28635
0
85566
0
0
0
233831
0
152775
863714
0
0
3894
0
0
1253332
133355
40030
0
107537
1215383
0
0
128457
11615
188628
142084
763474
41764
3022157
0
0
16106326
0
0
482012
27359
470930
557496
1143736
0
93221
379374
0
104338
0
81363
458197
67412
101292
0
206246
0
608049
0
0
0
74548
0
53840
800235
12629
24408
466155
183198
1657382
92097
16874
0
135584
99609
67342
1677732
123527
0
432562
0
0
0
118659
75830
0
0
0
0
10287583
0
191124
1071494
2458330
27446
199561
59218
28635
0
0
94156
32736
0
0
104840
0
0
0
88527
59071
0
247279
0
0
294241
0
0
12315941
397943
1696415
0
31712
1384117
88797
23668
83395
71549
0
48151
91463
18111
738895
0
76688
0
69868
115850
0
326236
30236956
51061812
118821
0
0
28365
0
0
766547
98958
0
282416
0
0
243904
8436237
12743093
0
0
0
57736
26496
2803347
128075
29842
0
0
172250
0
0
0
300401
0
155704
2170374
62594
0
1336618
162486
112209
0
31610
75965
17549
0
137602
3950
0
152012
129612
0
76715
96825
618509
22805
3771542
0
303651
52431
0
140484
121212
199672
307457
0
10254
89324
0
119082
0
87663
298998
0
52668
0
0
418219
40478
11806
62979
79705
0
216721
0
33098
0
5405587
0
0
17867
0
4196796
95120
0
560965
590719
195143
0
67187
15761
78886
292905
34211
0
889906
193988
25764
75525
103678
2931153
656640
1679341
0
46831
0
82131
674639
197642
153789
66481
0
0
84504
744692
0
3875115
0
0
0
74011
0
1441836
83442
0
470930
145798
773959
11705
152408
181112
0
12359729
150615
1300615
29006
0
0
59998
62689
270004
123778
966999
0
52633
236082
0
0
794720
3388
0
3761
5294835
147765
171636
62276
0
1093817
0
341333
466155
69648
25599
627215
0
0
0
15064
50447
10126
117939
1318160
0
113589
53486
364893
21322513
14032
0
0
0
4470431
115958
0
269443
772151
81911
18889
185145
131490
0
69465
311932
181973
173961
955285
0
388463
153202
111970
68420
416461
54821
242855
77336
228992
96180
170000
500423
0
152808
1045757
12359729
402017
707945
237642
0
12568844
18693
14831
120852
1220671
74184
0
489384
0
0
80638
0
23116
535376
133194
34802
70854
69249
0
0
42180
58294
13529
0
744692
58294
212017
84706
0
375166
457826
0
875459
24124
433838
195392
65604
96663
0
894112
486110
0
21356
0
242192
242855
0
1667910
38806
776
0
17214
0
115769
0
419
0
0
110104
166952
1791536
1894796
115662
13306759
97678
0
93221
0
153234
28403
147508772
26968
297368
0
0
43106
80408
83920
2125926
1520654
69465
545637
0
7260873
882102
13555264
0
0
0
1069328
1591768
148101
0
0
243582
80960
3299709
51251
0
0
823085
534962
0
87606516
139295
0
0
0
0
0
0
151882
1667910
651361
5295503
65824
40809
52256
87968
0
0
46492
25246
77656
0
27733
48057
0
221005
379837
4615070
200085
1153252
294777
0
0
212400
2359732
6240457
0
103678
0
885745
66048
619026
91398
44026
21070
288447
0
59254
265826
304572
0
0
77861
0
537403
1125815
217545
0
72929
581292
0
53021
0
2763950
81433
50313
0
266713
0
56422
96716
511714
92762
263370
81012
282416
278930
0
65610
0
0
0
8679354
0
0
467032
1915304
3448974
211401
0
37868
30926
0
166578
25581
166162
76894
767615
96199
2170374
247023
176774
291119
595092
0
65255
841962
20107
1825798
93710
338708
378806
0
150869
0
0
163256
11944
32592
69528
13484
0
0
17549
67412
391287
41764
573043
1096429
0
1401298
378904
13152
270208
21920298
214054
82926
280443
0
0
12543
0
1431200
54232
0
888484
276318
494978
125672
12121
277003
601034
0
1243512
0
233505
123772
0
350400
87416
0
0
206306
339309
245116
54733
127757
464440
0
187344
377233
799470
53099
540078
942233
36500
22523929
153549
656541
425692
23031
942233
0
608721
0
924633
564672
35759
98678
235178
4857139
150267
455693
0
173724
28849864
62304
5056769
17097
91409
156706
114515
51874
125151
0
564236
115662
45367
384303
6716962
87899
151084
269060
58317
41972
352949
434024
17174
102219
0
0
119944
282104
0
0
69217
56653
464952
349552
488089
0
274407
12735
0
51689
1930949
115658
11131526
90990
509455
0
661928
46758
163494
216470
59130
905838
36984
202666
258456
0
0
0
0
98821
49716
195392
11218
1649104
216216
0
1141
0
226020
181618
125780
117472
0
2767586
170958
49671
50689
565689
27984
63848
61821
1155263
365736
0
227375
0
1843553
50339
82663
46053
87464
25299
3071070
98600
0
0
0
113358
96582
61415
72919
1043000
0
0
59593533
300452
532466
289544
135490
25517
588060
19204141
978747
110646
129859
0
86751
420266
329053
0
0
13215092
0
135345
225169
343075
0
0
145838
0
0
242359
0
0
0
0
0
28551
0
66477
188811
522676
482012
0
7930
129286
66245
0
0
9834
36812
0
0
17987
634968
40678
206246
170897
57979
597405
0
0
888537
518767
272544
10498
17058947
52163
183665
144837
153334
0
20715
799470
467892
165550
0
90842
82549
454187
55704
1336618
105776
36777
584293
0
26364
949816
36984
252486
325663
136660
82865
173502
301278
24396
196967
634707
0
53521
354031
0
0
803217
0
234585
53439
43131
92513
444429
187612
198665
66245
0
537499
0
1289205
92040
940102
469206
52414
130880
198638
187014
0
2406987
0
2746404
88751
0
55327
0
10852306
339384
0
78124
0
0
1713923
240793
0
0
0
460233
92693
98117
42025
105814
175724
615843
427191
11905
89858
0
823449
0
1062
96630
209891
1170236
184016
385822
236397
138297
0
8325
548337
69150
44290
45021
16104
18080
0
95622
90823
48248
0
0
0
0
0
45418
1859789
78451
429946
2220917
0
0
265935
637383
338138
144917
158936
706142
5068645
0
79966
1058822
1961200
0
2108771
55545
139375
451736
181584
116082
322563
90844
35655
9833457
108799
0
5661757
92060
67584
24231
0
92693
142488
0
0
3333798
346990
42543
0
741377
33413
0
1498808
445723
0
44717
20352
67120
570549
0
50668
333671
4050315
32254
143354
118713
0
68615
52256
265964
0
920911
466896
7772
116529
217066
0
0
82926
0
90495
59254
49061
52694
135426
197991
176596
110950
0
60249
0
3468875
58582
96624
149489
306626
3128926
0
32920776
40478
2241114
2596
0
2913689
590719
0
28610
162400
0
101271
11998
0
5522028
422036
603775
253154
621102
36504
92783
120852
8325
0
76765
0
0
283170
95226
54827
0
297865
83302
78353
0
65712130
20973148
19184
77768975
4413307
81671
813272
215144
12613
103748
0
192044
94620
96299
0
622478
66592
19174
120722
31356
57979
86134
445445
132701
725075
26866
821383
0
13001201
0
8228
0
60868
11421
289965
10329
202023
62936
25218
0
102342
0
104944
375364
96179
160345
82663
58800
682555
826583
7294643
43444
75965
0
0
271418
73374
65062
77331
55384
197948
20514
0
343718
2008588
7665
683945
91463
56659
29095
66050
266850
36165
1602384
213887
54853
343404
41299
54120
0
0
1750413
42025
124181
57485
318709
94427
1805488
103621
1638833
192480
0
65610
136162
85673
0
4481697
0
379680
195923
33245
1849150
57891
0
70074
139709
78451
260748
97343
1482076
82533
503064
71677
1896379
35906
137087
20000
53835
0
49675930
48547
21803
49572316
13236
1117761
502241
439404
1067896
36454
1967259
242866
20540
62810
148684
2241114
95507
0
8325
0
142699
79418
58767
116511
423876
156295132
133473
94241
77498
0
93324
129764
50920
366094
66481
136910
0
81779
133486
66102
0
128538
18340
76769
0
0
0
0
107484
0
79705
0
2157174
37913
133339
0
11806
0
94968
190751
0
183665
21632
114730
107563
104545
61864
279815
0
44529
384138
90719
73911
316330
0
0
3497456
670022
961062
4081020
250876
9162
924049
316475
0
16704
2563957
1258960
48243
40772
1033871
117860
88160
11952
6845672
16408
0
0
252660
458984
2314079
55384
0
0
0
682679
408603
86671
1162644
74184
0
0
539799
1413693
3399059
735469
0
0
1508384
0
183396
133330
118780
85613
52694
600344
69005
4815
81671
400095
148657
46296
186970
0
96191
0
1550448
229212
92010
69038
146907
276054
167640
5382032
4912
202666
2088618
0
31270
25517
105922
620088
0
0
0
52154071
9439
24309
0
345929
456407
0
273034
536165
120792
211534
366094
17723
0
219625
1777208
6634
74515
156074
186970
425456
0
35770
218262
1831753
6086799
69159
99749
600779
91801
140469
0
444470
178656
2786716
81745
0
1532762
179369
251752
13548
17712
303329
0
273174
253157
1773844
0
150507
95592
569727
0
21585
182926
0
257126
1123638
1639
409461
79406
54733
0
25763
0
32254
0
99322
78461
0
19328
98600
63242
94438
1283680
800591
117164
46078
65764
0
85823
1156921
0
27464
0
2196532
0
0
23022
181618
0
593327
329536
188223
0
27631
101585
427191
58423
341333
0
1544023
24929813
70795
152872
0
35739
55568
184012
96036
273544
63290
85843
0
297311
23960
153979
16874
0
76253
106082
0
0
3707794
159957
0
212400
0
80123
54958
421405
0
130280
0
65968
103185
526446
119586
0
166471
150532
19751
42852
9439
0
182734
0
2008588
0
95225
0
0
29524
27032
242359
735788
131015
83782
133642
33278
133012
18715
1373470
286774
247775
87927
0
0
71074
1186199
85526
0
0
1105047
0
125075
49608
134583
222115
1306030
1084528
580128
701105
61240
2884943
1296
0
2701792
587912
220211
91463
0
491194
0
0
0
0
33039
0
1617866
58582
3333798
65663
145544
266740
725157
33431
101057
82540
138143
418219
0
124519
58421
0
9770
3764724
136053
53719
3457
0
1141
21845
85196
101333
0
340000
85405
628985
73819
0
0
0
1673765
0
18636
50268
15070
17818
13263871
0
114343
534342
445540
47122
166578
351213
97743
0
342596
0
13180
53812
62367
113505
0
145061
0
76823
0
814391
4733925
1534818
56456
1617866
232312
6247157
247489
0
618960
40061
139607
472297
137357
0
1209702
76894
80089
0
29497
