0
0
0
244248
0
0
0
0
0
0
0
0
0
0
0
0
0
0
0
0
0
0
0
0
0
0
0
0
0
0
0
0
0
0
0
0
0
0
0
0
42832168
110072
0
0
33714
0
0
0
0
0
0
8234860
0
0
0
0
0
0
0
0
0
0
0
0
0
0
0
0
0
0
0
0
0
0
0
0
0
0
0
0
0
0
0
0
0
0
0
0
0
0
0
0
0
0
0
0
0
0
0
0
0
0
0
0
0
0
0
237712
0
0
0
0
0
0
0
0
0
0
0
0
0
0
0
0
0
0
0
0
0
0
0
0
472678
0
0
0
0
0
0
0
0
0
0
0
0
0
0
353640
0
0
0
0
0
0
0
0
0
0
0
0
0
0
0
0
0
79590
0
1191621
0
0
0
914040
0
0
0
0
0
0
23318
0
407800
0
0
0
0
0
0
0
0
0
0
0
0
0
0
0
219374
101406
0
0
208881
216435
99348
0
0
0
0
0
0
0
0
0
0
0
0
0
0
184106
0
0
131924
0
0
0
439260
0
96410
0
0
201537
0
0
0
0
0
0
0
0
0
370512
0
0
990395
0
0
0
599373
0
0
0
0
0
0
437006
115790
242685
0
0
0
0
0
0
0
0
0
93596
0
0
0
35250
0
0
0
0
5750
109687
0
0
0
0
111192
0
591
200434
0
0
38844
0
0
0
26486
0
0
0
0
0
0
0
0
0
0
0
0
0
0
0
0
0
13412
0
0
0
0
78074
1171093
0
0
0
0
66176
0
0
265092
0
0
63339
1165806
55620
0
22984
0
0
0
694498
0
0
0
0
0
0
490720
276086
0
0
0
10966191
0
0
0
26726
0
0
0
0
0
0
0
0
0
0
0
0
54527
0
0
0
0
0
3398477
0
226777
0
1118754
256935
0
0
0
0
0
0
0
0
0
0
0
194022
0
0
0
0
0
0
0
0
0
191714
0
0
0
0
1223552
63268
101376
0
0
0
0
0
0
0
0
0
56789
0
0
0
0
0
0
23888
0
0
0
0
0
0
36050
226777
0
0
0
0
0
0
61758
0
0
1992
0
0
0
82106
186414
0
0
303260
276459
0
0
341502
0
0
0
0
226340
0
0
0
0
0
150060
0
0
0
0
0
0
0
32365
0
0
0
0
0
0
0
0
0
0
0
0
0
0
0
0
0
0
0
0
0
439395
0
0
0
222624
0
0
0
0
0
0
1514931
0
0
0
0
539221
554
17426
0
0
135412
942566
0
0
99673
0
0
0
0
0
0
0
0
0
0
12844
0
0
0
15047
257514
0
0
0
0
0
0
0
0
0
0
218108
0
0
0
0
0
0
96336
925760
139180
0
254317
7588
150824
0
23888
300850
0
0
0
92867
0
185602
0
0
0
0
14370
0
0
44507
0
0
0
0
0
0
1574244
0
136896
0
0
150309
0
287571
52972
835861
0
0
0
44096
124386
0
0
51892
0
58214
610241
0
0
0
0
194590
10260
0
106118
0
0
128847
0
0
52612
0
27227742
0
0
0
50103
0
0
0
0
0
111
607657
0
0
0
15536
0
0
335278
34459
22934
2993711
0
0
64745
0
316956
0
397172
61062
0
0
0
0
0
0
7540
0
0
0
321944
0
36050
0
0
800228
0
0
1058526
0
0
0
0
0
0
72110
277206
246375
0
0
48537
610241
0
61032
0
0
40111
0
0
0
0
0
46812
0
0
23342
128430
0
261536
0
2751723
0
0
0
109186
121430
0
0
0
0
0
0
0
0
219630
40480
544004
0
751237
0
102228
0
0
0
0
50905068
148416
0
0
0
0
0
0
0
0
0
0
0
0
203058
0
0
0
0
0
0
0
0
82106
398094
193664
68795
0
7986
0
0
0
0
230652
0
121430
0
0
2780
193128
0
67604
0
0
399704
45404
0
146420
0
83735
551497
0
0
0
97413
0
0
297891
0
0
0
588666
0
0
0
0
0
585013
158478
0
0
712447
76029
0
0
0
0
0
0
0
0
0
0
150036
0
0
0
0
252042
335763
155850
47662
81325
0
6247809
0
0
78639
21994
0
30143
0
0
19266
0
754502
279816
0
1308991
0
0
37718
0
0
0
35269
0
0
0
0
81914
0
950829
0
0
0
66300
10312
0
0
0
0
0
1299469
0
3601355
0
0
0
0
0
0
0
59883
0
50103
0
0
0
0
0
0
0
0
0
22934
0
0
0
1897077
0
242746
0
499605
335278
86742
2982421
47099
11691132
466585
0
78918
0
2249902
0
1312168
183286
0
0
373410
0
0
264174
0
0
0
302022
0
141107
0
0
503680
65395
464495
0
114094
0
0
0
0
0
15536
0
0
0
0
0
0
0
159177
86846
0
0
0
0
0
0
0
0
92360
33024
0
0
186504
38312972
0
0
0
483183
0
267093
139275
214032
0
0
57241
0
0
0
0
30804
0
73257
0
0
195402
0
0
0
0
22869
27981
0
51443
0
0
82420
0
0
0
9345
0
333044
0
127074
0
0
0
0
95164
0
0
35884
0
49895
0
0
186048
0
307671
76415
0
0
27248
243975
88166
0
0
68865
0
1638124
42949
150132
85578
0
545312
100206
0
44792
94748
0
0
0
435603
119064
0
68014
84311
0
1084946
0
708553
0
538229
0
448113
311667
0
6822
66022
1296793
0
0
0
35420
39052148
244083
0
114430
0
0
64658
680343
0
0
0
0
60940
0
113802
154028
0
324176
0
0
14612
0
93623
0
1309888
99469
0
2807727
203118
0
0
546863
68315
251205
198580
0
0
1483242
97318
0
0
0
2021024
0
0
0
24234
0
230821
0
169434
0
0
92458
215118
23320825
0
0
0
0
0
86114
0
1631748
0
0
152834
24789
22340
0
0
252802
79802
364866
0
438905
82496
0
0
297333
23806
237568
59859
58328
75283
90128
0
0
5421
0
63641
0
2699511
6152383
0
0
0
0
0
0
0
0
0
111682
10260
31930
22465
148290
910574
10237000
42949
25671
0
967981
0
307105599
0
0
0
253957
0
0
160702
0
0
0
0
0
0
0
0
166289
0
0
464335
100120
0
0
0
0
0
83290
0
0
12997646
0
0
1300
88682
0
1305593
106872
43388
346065
465251
0
265092
0
4519
929536
0
66894
0
120046
0
0
0
0
333532
135340
0
80831
0
0
0
0
0
0
0
0
0
0
773920
0
0
158478
35269
293670
2139091
0
156462
0
149478
0
0
2780
0
548906
5046
0
87418
0
80444
0
62422
0
0
66772
0
0
0
86696
0
0
755415
0
0
0
0
0
0
24549
34314
0
183972
0
1879914
0
0
0
13412
0
145201
325422
0
723457
0
47197
341486
83949
0
0
0
0
0
2052108
0
137730
9335
0
0
0
327577
759
0
311667
0
927906
22869
0
0
93578
0
186048
0
1707286
0
1835710
227074
48079
0
0
1072800
0
0
0
0
206711
54315
0
0
900866
0
96778
26401
0
629173
0
1703
16764
0
30012
0
146348
0
161670
1373201
123907
69844
125268
75412
0
28876
0
0
140820
0
0
0
1836350
0
0
637296
0
0
0
146108
0
0
2780
0
0
1472432
0
0
13809
0
0
0
0
10415
0
879423
0
0
0
0
52784
127611
0
1508933
32997
0
464495
0
0
146750
130531
0
0
0
49555
0
203347
331
12552
1384
0
0
0
407921
0
0
77154
0
0
0
195856
148436
0
0
0
0
1318819
1350298
0
0
0
45978
0
0
625272
0
0
80641
0
82037
6812
0
0
0
0
986452
97634
163828
0
101058
17241
0
42242
0
0
0
5750
0
0
2502
996705
0
242746
0
15180
0
87642
0
271215
186816
0
0
0
119810
0
0
0
157218
36101
0
0
0
0
0
0
0
246706
0
0
56897
0
744390
2251251
163951
0
183494
723287
0
0
0
276836
0
0
0
102553
0
0
0
0
0
0
0
0
241547
0
0
0
54863
0
0
318199
48482
0
19312
0
0
0
0
0
0
0
0
0
0
147687
797944
285576
930
0
159668
0
0
99077
0
0
2910968
0
0
110442
265998
539560
0
0
0
387372
111874
84298
0
0
30473
0
226547
0
0
108162
0
0
3692318
0
0
0
222182
59532
1310511
293151
4928
0
66612
0
0
0
2281790
117905
1022356
0
0
1307681
0
0
5448671
0
0
0
28533
0
0
0
0
0
0
0
0
0
115584
0
0
1421383
63765
0
0
798479
0
49981
698667
0
838130
0
0
4743
967001
21118
0
0
0
1675538
0
0
110518
339420
6285105
0
0
154777
0
0
0
13320
80351
49262
0
534835
0
0
291180
596923
0
263204
628613
0
0
378264
28679
282150
0
0
0
4043
0
55937
0
144682
0
0
0
0
460499
0
9536
150564
0
0
0
10109
0
0
0
391577
1539
0
0
0
86386
0
0
17160
0
0
256074
0
0
0
0
0
0
55997
0
0
188100
86376
0
71394
51114
0
1193093
0
42949
0
24427
292150
93969
28084
0
938196
1702007
3798976
0
0
85006
362755
0
0
94402
0
0
0
1306643
0
503179
42349
0
0
0
97928
0
0
0
241410
0
110159
46798
0
0
139800
0
0
0
0
511000
55515
0
0
0
0
0
448104
150060
5258
75412
396751
0
45863
1917036
175746
0
81839
2806429
0
59887
16248
0
109517
0
0
218249
385173
30609
0
11771953
0
23745370
0
315013
179505
0
21806
0
298974
0
0
230821
110773
0
0
48482
81914
0
0
1934
410438
387675
0
1815104
0
0
0
0
0
0
151940
0
0
411094
0
54397
0
2333073
562850
58464
47210
0
659174
214774
0
111369
139026
0
954088
163398
1718066
9438
0
0
0
0
0
194292
21432
0
0
0
0
0
0
0
1310492
0
0
62972
0
51892
2400278
0
496465
1862
0
0
0
46798
6061199
0
0
0
233532
341489
0
0
5044
0
0
0
0
84696
54152
0
0
303522
0
0
0
24199
549677
111271
2940843
0
0
0
76029
0
0
159225
0
19182
320603
0
1435506
182082
0
64519
94543
0
0
364761
149005
0
66546
2282473
0
76552
0
0
55038
341489
41349402
235300
19312
206389
34671
0
0
507383
1258735
0
0
401543
128188
136486
0
0
85772
221760
0
0
219462
0
0
5029
75030
88351
870933
29168
2899388
94748
0
0
133386
0
0
71394
237466
199596
0
0
103889
0
140643
0
9666
97301
97425
349524
0
251277
35884
0
198580
107558446
0
293151
0
751576
0
246860
0
443987
0
0
3262269
1309044
378605
0
443987
29924
128551
917395
348137
133583
0
4443
303058
713376
29292
0
45394
55141
12914
0
0
0
4743
600542
62646
0
87642
135412
119670
0
0
52802
235228
0
204585
123869
0
222921
135147
0
0
333828000
72677
0
32974
334380
3725
0
0
0
1016899
132964
0
0
76001
133434
393606
0
194905
93916
0
34207
0
111
17005
97051
0
13005860
263196
0
992499
0
201103
0
149478
0
0
257520
150564
82135
18303
2015098
0
55438
104679
161736
37771
562850
50853
0
0
96113
0
0
44768
0
222
90477
0
0
3274543
70883
14531
0
0
138824
0
156462
65837
75814
135412
13424115
135147
28039
0
0
0
0
475716
0
0
0
0
0
0
0
731297
91369
100228
88351
1402931
111682
0
2166432
145512
1102376
32512
70485
0
0
70989
0
367262
0
980083
73239
83270
148565
0
0
0
2385666
0
290790
0
45223
37509
255466
0
47999
0
299142
0
0
0
39037
182721
0
0
91183
1751017
689
0
0
58876
0
123014
328640
93596
160556
18520
88696
0
0
44341
0
508514
79203
159467
135196
14655076
6811997
22993
0
0
0
0
0
64048
91698
144670
0
4096783
0
0
0
101944
12451693
0
209028
61471
0
180198181
0
0
0
28914
488140
89021
0
0
14260
251358
0
73210
704707
241437
0
0
50165
163221
138138
0
0
95243
26322
49555
0
86595
860246
154160
44834
0
0
0
0
0
12600498
3730867
74218
56478
286627
4552
0
0
0
766463
19266
73210
251172
1056258
0
715949
1378
0
0
0
0
0
0
37482
0
11605
0
0
61917
175198
719805
0
0
0
0
132431
36401
64494
0
0
2625310
0
0
2120998
0
200690
54608
0
0
130912
1066176
0
53659
407778
188470
0
0
0
392060
764830
12552
1169024
183618
142030
0
0
0
0
0
0
1309044
0
426595
0
0
0
666970
40990
0
0
0
125070
2112338
163765
75102
509122
0
97616
0
22009
0
1640088
273740
0
730488
0
394596
0
723983
1469306
100532
499454
255834
577657
75341
0
177812
0
82944
10617
0
74810
22097
0
60278
178654
0
0
0
0
0
0
96232
23886852
83711
0
0
78231
0
0
0
0
30285
0
0
9856
16581
42869
505302
11818
85840
0
107213
45849
505302
0
190030
222089
19531
198150
0
67076
1588913
0
0
0
172228
0
269689
0
92488
51580
1621010
0
0
0
0
0
0
0
66546
3653
29227
167470
442654
0
308648
0
43710
96896
59835
0
0
495915
548
0
1384
1033082
363644
28602
0
30092
0
28679
4351401
0
0
0
0
0
97002
413860
0
0
178026
3476299
223741
0
244406
25250
55221
0
130242
60993
0
56168
0
0
0
22290
0
0
0
182738
174104
137547
0
0
0
0
0
35145
0
13812
183745
0
52579
211226
146568
675789
0
0
124336
16430
257318
0
17499
8174
61032
0
0
0
0
271851
495207
251840
274107
7582
0
0
495207
0
63163
443987
20078
0
0
0
55546
0
161538
0
656980664
55991
93639
0
0
0
0
112576
924652
92009
0
0
0
3746743
0
78768
0
217160
0
186023
93944
22417
0
149910
0
16430
95628
0
77406
87927
882509
820427
0
40795
0
0
0
0
692
14722
7135503
1419491
53387
6324
0
26357
1049578
325931
0
99111
36901
279148
0
89662
6331759
0
20469
88722
536991
14854
163082803
0
499454
0
46798
542050
0
0
1121618
531121
163765
197113
0
214606
0
0
22908
43821
23506
0
52784
104572
0
0
0
81568
46904
1752485
4743
0
80831
95756
0
278994
0
1119394
65395
76909
61505
42949
319853
1615721
0
55438
318855
70826
0
79316
72677
0
176550
1499623
0
0
94074
633640
3975863
0
1391835
0
185041
2770
0
166847
37296
144573
81914
3794
25468
318247
42088
0
97366
0
0
113936
7397089
0
0
0
0
29880
56743
0
0
54788
0
41499
0
0
1342
0
26943
0
235604
146568
102104
5834
650
0
76345
87869
0
753468
130535
107500
0
0
43348
95488
155358
5961102
0
86257
318934
0
622926
99077
140394
469026
0
83949
87748
0
13050
535299
227328
0
80585
2610015
1881111
0
0
77963
155634
1300754
129091
189746
43715
298432
140722
1540866
85648
0
0
0
2323543
0
0
0
10157
4268440
164643
66693
82125
0
0
148042
18601
16910
22417
1385
178062
0
315013
73210
820327
0
197254
0
286627
1596244
233820
61550
444978
661523
80278
1961137
0
91736
132679
10061
0
102349
203888
0
3546031
57312
452626
13809
0
39544
180535
0
0
152708
109054
95292
77943
0
0
0
0
587469
0
28736
0
0
85697
0
0
136414
108631
316214
453031
168942
182106
0
0
682051
21234
5750
164788
1318974
76345
15531
0
992692
0
0
143015
0
127853
0
0
148838
27248
167156
77661
0
797484
356110
12914
455692
0
158618
987243
151643
0
95987
0
243728
0
0
0
250588
92968
110556
36401
122195
0
0
15246
956620
96195
20665
0
0
0
151636
0
102512832
0
0
930
1551264
0
1775535
140670
1479865
0
316384
56378
525509
7749128
0
45026
1268082
0
0
0
0
22784
7334029
0
0
64946
846671
40475
0
75999
0
315623
0
306924
26362
136414
0
0
31464
0
1813378
0
12895
0
47999
86390
0
0
143540
10042323
24402
73641
238880
1182044
5731711
15046
5666541
53302
0
2716070
169870
0
0
0
26868
0
10354
0
607074
333190
0
4254218
157227
0
19072
45738
0
0
0
211806
3123699
192668
0
0
0
303365
2908436
41550338
730488
0
1272194
40069
1989553
0
136028
5874
0
163753
215748
51942
0
0
0
0
47571
0
286148
136188
49376
219606
434248
0
0
390297
36750
1244
491489242
123907
102512
167470
0
0
76120
36401
180534
50656
1110023
0
6092
98559
25023
26306
0
67686
0
1946245
0
0
0
17830
0
0
0
44202
254395
0
159505
0
138384
0
212770
0
1545421
0
261375
2974251
56839
0
71344
105378
24466
65103
645027
0
106970
137991
0
90052
190358
47999
99806
0
0
98522
88822
0
209398
3107082
504646
50816
92628
172228
1584
0
60166
0
0
0
70335
160326
45558
148066
0
0
237598
0
441247
436883
55078
8709176
16419798
62507
89241
0
57461
0
0
47999
47377
0
146116
0
0
0
0
86114
26963
0
0
121480
22083
25774
75818
52003
5661011
69401
1047962
0
30965046
62611
0
0
566279
81889
0
0
0
50160
1492207
0
43715
0
164025
50114
237124
143641
10199
53304
336132
1357405
139042
376265
6473
0
1355571
1237489
238286
0
60822
37744
219507
85618
0
0
882509
42590029
24064
85851
382774
1282751
135126
0
0
1519187
1007111
0
154215
168670
87748
146778
16910
563826
0
71897
59999
77406
0
0
32209
2522537
992692
0
13197
1348193
0
22706
1889533
0
0
0
587216
18859
63415
415396
20105866
169215
55914
68644
45245
87045
0
2980354
268734
0
586804
89519
468240
0
210006
129091
1152387
96734
0
87680
73701
7881
0
97952
68338
244809
98624
76909
57644
0
0
460812
0
0
91503
537112
598284
72341
0
8123
615249
0
7701386
0
68742
0
960989
74208
168746
2391649
57808
2000970
5295
115298
3377183
0
140204
1248462
142822
14096
0
179072
0
43709
2400495
0
403989
0
0
0
36213
100610
52810
5333709
0
64494
210162
198150
0
19353
6265478
197275
178416
25790
29430
132346
402491
42533
2422
0
0
0
101063
238441
0
81719
0
196324
0
52392
0
0
76695
0
0
0
649469
0
88722
0
410399
165582
0
1934
0
122195
0
45863
0
337776
70098
5625
1595696
12442
51413
0
130211
719190
56864
47012
1816414
0
0
94543
96930
370290
99293
0
69401
24537
89869
0
0
38528
230177
0
1566766
8721382
4580095
0
0
358029
0
785289
59669
400809
6957394
371601
0
101601
0
0
0
0
3245922
0
0
0
0
286704
78768
18859
6598187
0
0
59014
293814
0
58693
0
497397
30706
0
77186
0
93159
0
13538875
119355
0
92485
0
186053
358056
65810
0
487177
26652
0
355589
82645
0
1342
0
91041
1214745
94471
2634
0
227795
0
132423
37641
33802
131023
99042
675789
1375343
0
2373537
266479
0
171912
205972
15946561
110057
33665
63948
0
1447312
10252
53508
17315
60119
0
50500
4679786
0
3073663
91901
0
0
16222328
515208
0
70107
0
94402
86909
70989
44897
130932
296983
0
88955
0
74810
50712
72577
98042
24427
474489
189648
0
0
0
885151
183499
1373275
81694
54152
200410
164556
2709796
0
21432
0
113936
21319
0
382774
197648
0
67621
466526
0
201621
64671
28530
0
0
118172
233312
0
431805
3884
347654
6191
0
121782
0
64805
1781383
0
81398
62074
0
165252
51065
4917
1419181
0
348743
0
8766966
0
0
236711
94643
0
0
0
0
214774
305969
0
0
2709796
220872
1273971
0
887810
13557
0
0
102232
45329
339846
172106
0
13531784
7920
0
79982
99348
344810
0
153818
230440
4489618
4522196
168886
0
0
440062
142700
316384
212770
0
89784
0
97770
410616
40092
72397
2782277
96205
0
138133
0
0
48416
271620
0
6510324
26706
155882
65810
2126396
462983
0
0
0
72397
79976
26706
3255069
44096
4636
342616
0
253875
0
473821
86909
87462
12987
312313
1124916
11711769
0
3320257
0
0
83253
738551
0
99658
0
219
102041
0
347438
0
613768
0
0
17836
0
0
108466
0
53736
153818
0
47813
6520444
0
0
118375
0
212473
84700
12763
145972
0
0
0
55389
45026
384723
0
4636
0
0
289227
0
29253
82614
70125
0
408887
0
416238
0
77679
91455
0
51413
0
0
0
205972
414569
20322
936648
0
217628
515231
1339444
0
130531
0
0
575846
57873
294068
3065167
0
239260
0
657518
0
72567
0
370166
90790
0
0
0
55937
126184
0
80184
97767
376265
2158662
213684
270392
920991
61910
0
382912
14962199
20704
92002
230744
0
122982
0
0
0
930
0
83253
78475
21241260
43222
76120
0
5328876
24268
285614
4580095
91290
258852
46319
0
0
0
103624
0
6036286
62158
111153
368887
250128
80074
343814
10684231
63299
0
0
505401
183220
78893
109408
0
0
1055254
61746
59887
0
92485
132679
88275
148014
177592
168088
560999
245979
11607618
0
3884
0
38528
2268802
252395
1211124
0
0
1094731
66482
952845
419392
68950
0
2256604
96686
0
12413
96509
12178
0
187992
118642
20097
379713
134230
48482
111182
56862
33984
258852
49124
0
255125
106592
63339
77490
250564
600542
4116003
0
193440
231361
5184981
198157
83724
117754
9920
648414
74579
0
175958
525910
209802
39540
1299
19085
0
0
633167
137338
204585
46360846
59101
0
0
328124
0
70402
252396
61199
200762
434109
0
0
17499
0
0
791594
55858
81590
500520
50846
86245
23806
0
363714
180451
149833
0
0
36148
0
52810
128199
1525059
9907
2847514
0
30100
0
22934
95646
80387
165122
57819
108844
2171395
0
24026
151643
1472514
152608
505302
239678
63810
412082
0
78630
18035
155634
75142
4481001
0
363235
455155
4660054
86647
1663943
83253
96644
8399562
235324
104120
774587
252199
181538
0
0
650192
0
91685
1095249
0
127896
0
401626
64120
62972
0
107093
232273
4537372
0
339846
308586
0
0
103925
180176
244260
113728
95164
0
124266
500520
40299
795848
141107
2859082
0
0
0
117261
171822
63413
0
621555
198420
0
27971
29880
0
0
318803
47716
41201
14096
507543
809065
248036
0
221296
633249
120159
0
149228
689
0
132084
2445390
88674
0
0
61062
286169
0
0
119742
88914
436690
6559245
99778
0
0
250754
0
171417
208518
239892
0
9328847
258426
0
143177
0
96507
1690430
68448
59474
66440
891212
574703
0
0
13363
0
197275
0
0
99532
0
0
76738
2186736
49971
7188
27513
0
0
29253
68742
146510
709576
473918
95203
0
3486
0
0
2218507
0
0
0
0
404497
0
66353
46158
104646
915832
4687492
0
2083718
166266
0
0
0
0
58815
0
69401
76415
0
356033
146390
7528708
170092
654294
152567
0
451628
11818
5170
121563
0
93073
125980
401626
0
12795064
155730
174040
89718
72295
99787
37164
0
332787
475268
312313
24878
90588
157333
246184
0
3511857
1145409
305732
2870987
0
19192
0
33665
0
6946417
0
17856818
86186
0
0
0
738559
682337
65561
43348
99933
0
0
187879
55022
73494
0
239242
0
0
92737
1000060
82037
248722
626072
0
72332
66944
346644
292304
0
28668346
0
594698
21957
44994
3368018
126184
0
0
142008
141706
0
0
1690430
80433
82125
6611427
45868
68211
1770869
457184
396751
68654
205972
76415
125864
0
19942606
0
95649
52312
316824
156035
70618
63487
991899
41451
99348
0
44510
106716
877864
505246
98624
474332
0
484952
1404258
36024
58038
47334
36281
67860
0
4977057
442265
396334
205106
32072
34091022
75142
98968
0
0
0
42228
186023
120101
10792
0
171051
0
0
78594
76587
0
87288
0
14911214
250298
444978
0
50248
0
2566937
186624
270482
0
0
108678
853244
836018
0
71706
0
155306
109413
317720
0
41407
306802
0
164028
18231
133579220
0
829052
1168141
0
75030
1723511
646684
173882
0
0
492736
98625
0
24549
0
178416
172372
463318
136557
299010
4389392
0
88722
1540787
0
0
97700
159031
0
258426
4283314
2792362
118706
61758
960102
18536
0
155018
8644166
92154
63653
286168
171573
7946457
0
4619545
0
0
302728
0
70536
213415
0
0
0
1031676
0
0
44706
67928
352511
239962
10039
347724
28715
353564
0
53736
611716
96208
150992
3009166
0
0
82955937
86475
0
0
666017
232042
297877
13483
320553
0
122398
168217
2580426
287096
25732
10626
289522
0
0
73239
143540
145944
58918
0
498775
49413
268926
20099510
469432
512415
547574
287121
630469
15246
954568
327019
137451797
272699
58999
26245
1600673
0
0
434817
76378
185810
434892
79173
92395
4120477
2894616
0
0
1606228
9536
11605
263044
0
7302
0
0
0
61869
270062
256084
0
368887
2236863
0
230576
862040
382893
78475
111484
193296
0
0
55438
36630
14399
98625
42075
1851139
327606
172141
114748
255975
1604528
0
56133
0
1326
89153
52953
232273
205972
243034
0
0
254350
23806
10970443
12785192
19192
221657
802947
2242628
128199
973370
19682
0
423141
86983
0
126519
640444
142983
15667
608662
16581
45801529
189891
231674
244182
68211
6450684
44768
0
17054
0
0
58159
1357033
186624
24770
0
252866
108304
394348
75283
4711780
1204816
2002136
0
127741
180451
19353
26435
92002
0
84808
965625
258353
2279803
156370
0
0
77661
443364
49563
464096
32242
169184
61412
15543
130631
237270
24082
512418
81969
3400438
22422082
256293
98162
164868
468648
92154
0
37540
142964
195823
0
252092
105845
0
2672656
409974
3732599
6258140
191667
118111
62002
124339
48547
247300
37663
100998
823066
28013
4483833
252501
97927
483138
0
202
5927753
1718561
0
1342
180535
0
0
0
1961493
0
0
42006
1610344
978396
236157
122023
5016
234756
399694
99790
11115139
19395
387651
306154
167991
0
0
92714
171600
0
0
86909
89662
91440
64052
0
684133
1376870
541876
777197
348796
471179
0
234752
0
169923
0
325247
110788
272048
0
93073
21436153
61176
0
205466
0
0
43348
1034449
4255240
322103
152567
614492
0
274853
259182
1263125
58359
627306
662604
9917216
390297
196996
92845
54316
0
0
2441
0
290835
233566
662649
29430
103440
297548
286169
234645
3915
1327878
950684
318247
114560
84566
15336
623168
90623
1510538
24268
86978
380470
145201
81130
0
58606
258222
348326
124274
0
201750
82549
0
1234556
0
602232
1562608
0
121047
132079
55221
1300068
0
192051
352599
0
266009
9001479
581752
96553
93235
278046
0
13558
103216
355424
441101
0
322940
11392
15875
267319
116729
0
3338378
173442
10626
121585
1414048
431364
59101
28189
173966
0
650034
101942
503360
0
81719
143324
21934
127232
0
1564002
356514
122023
142964
1951025
334651
199413
394348
46319
0
95350
167874
30143
0
237722
331
32492
0
97101
3843022
0
93530
0
60715
79700
0
107759
258816
207117
4686
20079416
0
0
0
0
0
0
245742
2853590
138184
29937
286010
339813
504826
0
0
0
489125
481348
359846
9677
1475393
7382123
116124
0
79982
30581
51533
205034
286507
0
708
0
1272179
343133
0
1563758
56466
342547
2402
54708
0
182580
39818
1159689
54152
383410
93973
32130
141107
74777
0
138614
1785806
136262
28890
3740413
0
18241
75360
13072231
895992
93062
0
707564
100129
48646
0
0
60166
0
258461189
0
740086
296988
65722
80590
67105
5397
63653
0
121083
12387
0
96916
895618
118726
0
116383
2623569
0
0
414305
0
0
81560
176052
94299
139746
376289
303155
14467
163972
800690
68775
0
64092
539234
469726
22993
17749
4581004
371164
183103
109526
2239790
0
1243420
57332
646122
298767
73641
1149511
0
221898
32451
2993038
294126
0
91751
1641557
9202712
205466
359846
144955
0
0
35329
0
10055125
110419
0
198063
223639
59109
347724
2450674
0
2165239
0
53171
1927720
26209
396134
0
216948
94593
116401
130870
86475
292909
479611
97634
542641
2305401
133348
52725
1094962
58266889
32072
0
93334
0
0
445896
0
523408
1480533
190071
1244
588059
58159
16248
386592
89056
0
409900
21387949
163120
85898
0
298340
0
552733
13273161
122195
89068
0
493917
384329
114430
84449
567439
571300
986673
34008104
534631
0
0
89979
107173
3598632
113901
0
0
1319831105
0
69401
93073
23888
0
803570
507887
0
256319
48232
78047
44864
1962
135454
372590
9968071
346775
98242
0
6191
38471
1234195
2193604
426856
389372
0
103860
3538468
0
51466
123637
0
890009
27333
0
156187
0
156187
493735
0
0
21509
198028
797856
437005
72110
0
121083
2910682
30144
72881
1093168
282249
179718
0
0
75260
8211
0
1752994
141112
0
50617
20272
2346885
2902958
22908
0
13509442
45049
181576
118375
94458
95056
366179
0
382893
2928602
131537
161180
355262
6809
606967
464735
0
141833
118893
74465
657776
90307
494274
107918
171074
169923
480566
698774
58511
0
93759
149924
213065
1305079
137448
0
5894
80725
0
390758
116984
80446
94076
1535036
0
520893
